[2020-05-09 13:25:07] Executing bootstrap tasks
[2020-05-09 13:25:07] OpenJDK Runtime Environment 13.0.1+9
[2020-05-09 13:25:07] Product user.products.tdt4100.2019-12
[2020-05-09 13:25:07] Workspace C:\Users\andre\Desktop\Github projects\TDT4100---practices\tdt4100-v2020-master\ws
[2020-05-09 13:25:07] Project com.github.user.project.tdt4100-v2020.master
[2020-05-09 13:25:07] Bundle org.eclipse.oomph.setup 1.16.0.v20200309-0628, build=4616, branch=b46c17610e935ea3d9158e0a05bc8108062dcbd8
[2020-05-09 13:25:07] Bundle org.eclipse.oomph.setup.core 1.17.0.v20200412-0914, build=4616, branch=b46c17610e935ea3d9158e0a05bc8108062dcbd8
[2020-05-09 13:25:07] Bundle org.eclipse.oomph.setup.installer 1.17.0.v20200412-0914, build=4616, branch=b46c17610e935ea3d9158e0a05bc8108062dcbd8
[2020-05-09 13:25:07] Bundle org.eclipse.oomph.setup.p2 1.15.0.v20200404-0507, build=4616, branch=b46c17610e935ea3d9158e0a05bc8108062dcbd8
[2020-05-09 13:25:07] Performing Workspace C:\Users\andre\Desktop\Github projects\TDT4100---practices\tdt4100-v2020-master\ws
[2020-05-09 13:25:07] Performing P2 Director (TDT4100 (2019-12))
[2020-05-09 13:25:07] Offline = false
[2020-05-09 13:25:07] Mirrors = true
[2020-05-09 13:25:07] Resolving 18 requirements from 7 repositories to C:\Users\andre\Desktop\Github projects\TDT4100---practices\tdt4100-v2020-master\eclipse
[2020-05-09 13:25:07] Requirement org.eclipse.equinox.p2.iu:org.eclipse.platform.ide
[2020-05-09 13:25:07] Requirement org.eclipse.equinox.p2.iu:org.eclipse.platform.feature.group
[2020-05-09 13:25:07] Requirement org.eclipse.equinox.p2.iu:org.eclipse.rcp.feature.group
[2020-05-09 13:25:07] Requirement org.eclipse.equinox.p2.iu:org.eclipse.jdt.feature.group
[2020-05-09 13:25:07] Requirement org.eclipse.equinox.p2.iu:org.eclipse.pde.feature.group
[2020-05-09 13:25:07] Requirement org.eclipse.equinox.p2.iu:org.eclipse.egit.feature.group
[2020-05-09 13:25:07] Requirement org.eclipse.equinox.p2.iu:org.eclipse.oomph.setup.feature.group
[2020-05-09 13:25:07] Requirement org.eclipse.equinox.p2.iu:org.eclipse.fx.ide.basic.feature.feature.group
[2020-05-09 13:25:07] Requirement org.eclipse.equinox.p2.iu:org.eclipse.fx.ide.css.feature.feature.group
[2020-05-09 13:25:07] Requirement org.eclipse.equinox.p2.iu:org.eclipse.fx.ide.fxml.feature.feature.group
[2020-05-09 13:25:07] Requirement org.eclipse.equinox.p2.iu:net.sourceforge.plantuml.feature.feature.group
[2020-05-09 13:25:07] Requirement org.eclipse.equinox.p2.iu:org.eclipse.mylyn.wikitext_feature.feature.group
[2020-05-09 13:25:07] Requirement org.eclipse.equinox.p2.iu:org.eclipse.m2e.feature.feature.group
[2020-05-09 13:25:07] Requirement org.eclipse.equinox.p2.iu:org.eclipse.tm.terminal.feature.feature.group
[2020-05-09 13:25:07] Requirement org.eclipse.equinox.p2.iu:no.hal.learning.exercise.feature.feature.group [0.1.0.202001020956,0.1.0.202001020956]
[2020-05-09 13:25:07] Requirement org.eclipse.equinox.p2.iu:jdt-codemining-feature.feature.group
[2020-05-09 13:25:07] Requirement org.eclipse.equinox.p2.iu:org.eclipse.oomph.setup.git.feature.group
[2020-05-09 13:25:07] Requirement org.eclipse.equinox.p2.iu:org.eclipse.oomph.setup.projects.feature.group
[2020-05-09 13:25:07] Repository http://download.eclipse.org/releases/2019-12
[2020-05-09 13:25:07] Repository http://download.eclipse.org/efxclipse/updates-released/3.6.0/site/
[2020-05-09 13:25:07] Repository http://hallvard.github.io/plantuml/
[2020-05-09 13:25:07] Repository http://oss.opensagres.fr/jdt-codemining/snapshot/
[2020-05-09 13:25:07] Repository https://raw.github.com/hallvard/jexercise/master/no.hal.learning/no.hal.learning.updatesite/repository
[2020-05-09 13:25:07] Repository http://download.eclipse.org/oomph/updates/milestone/latest
[2020-05-09 13:25:07] Repository http://download.eclipse.org/egit/updates
[2020-05-09 13:25:09] Calculating requirements and dependencies.
[2020-05-09 13:25:10] Computing prerequisite plan
[2020-05-09 13:25:13] Fetching artifacts.xml.xz from https://raw.github.com/hallvard/jexercise/master/no.hal.learning/no.hal.learning.updatesite/repository/ (1,59kB)
[2020-05-09 13:25:14] Fetching compositeArtifacts.jar from http://download.eclipse.org/oomph/updates/milestone/latest/ (445B)
[2020-05-09 13:25:15] Fetching artifacts.xml.xz from http://download.eclipse.org/oomph/drops/milestone/S20200506-050536-1.17.0-M2/
[2020-05-09 13:25:16] Collecting 6 artifacts from http://download.eclipse.org/oomph/updates/milestone/latest
[2020-05-09 13:25:16] Downloading org.eclipse.oomph.setup.git.edit
[2020-05-09 13:25:16] Downloading org.eclipse.oomph.setup
[2020-05-09 13:25:16] Downloading org.eclipse.oomph.setup.ui
[2020-05-09 13:25:16] Downloading org.eclipse.oomph.setup.git
[2020-05-09 13:25:16] Downloading org.eclipse.oomph.setup.git
[2020-05-09 13:25:16] Downloading org.eclipse.nebula.widgets.tablecombo
[2020-05-09 13:25:17] Fetching org.eclipse.oomph.setup_1.17.0.v20200506-0902.jar from http://download.eclipse.org/oomph/drops/milestone/S20200506-050536-1.17.0-M2/features/ (19,15kB)
[2020-05-09 13:25:17] Fetching org.eclipse.nebula.widgets.tablecombo_1.2.0.202004170724.jar from http://download.eclipse.org/oomph/drops/milestone/S20200506-050536-1.17.0-M2/plugins/ (37,26kB)
[2020-05-09 13:25:17] Fetching org.eclipse.oomph.setup_1.17.0.v20200506-0902.jar from http://download.eclipse.org/oomph/drops/milestone/S20200506-050536-1.17.0-M2/features/ (19,15kB)
[2020-05-09 13:25:17] Fetching org.eclipse.oomph.setup.git_1.17.0.v20200506-0902.jar from http://download.eclipse.org/oomph/drops/milestone/S20200506-050536-1.17.0-M2/features/ (19,04kB)
[2020-05-09 13:25:17] Fetching org.eclipse.oomph.setup.git.edit_1.11.0.v20200506-0902.jar.pack.gz from http://download.eclipse.org/oomph/drops/milestone/S20200506-050536-1.17.0-M2/plugins/ (14,99kB)
[2020-05-09 13:25:17] Fetching org.eclipse.oomph.setup.ui_1.17.0.v20200506-0902.jar.pack.gz from http://download.eclipse.org/oomph/drops/milestone/S20200506-050536-1.17.0-M2/plugins/ (234,64kB)
[2020-05-09 13:25:17] Fetching org.eclipse.oomph.setup.git_1.17.0.v20200506-0902.jar.pack.gz from http://download.eclipse.org/oomph/drops/milestone/S20200506-050536-1.17.0-M2/plugins/ (26,3kB)
[2020-05-09 13:25:18] Mirrored 6 artifacts from http://download.eclipse.org/oomph/drops/milestone/S20200506-050536-1.17.0-M2/ at 114kb/s
[2020-05-09 13:25:18] Collected 6 artifacts for http://download.eclipse.org/oomph/updates/milestone/latest in 1.221s
[2020-05-09 13:25:18] Collecting 3 artifacts from http://download.eclipse.org/releases/2019-12
[2020-05-09 13:25:18] Downloading org.eclipse.platform_root
[2020-05-09 13:25:18] Downloading org.eclipse.platform.ide.executable.win32.win32.x86_64
[2020-05-09 13:25:18] Downloading org.eclipse.rcp_root
[2020-05-09 13:25:18] Collected 3 artifacts for http://download.eclipse.org/releases/2019-12 in 0.964s
[2020-05-09 13:25:33] Installing a.jre.javase [14.0.0]
[2020-05-09 13:25:33] Installing com.google.gson [2.8.2.v20180104-1110]
[2020-05-09 13:25:33] Installing com.google.guava [27.1.0.v20190517-1946]
[2020-05-09 13:25:33] Installing com.google.inject [3.0.0.v201605172100]
[2020-05-09 13:25:33] Installing com.ibm.icu [64.2.0.v20190507-1337]
[2020-05-09 13:25:33] Installing com.jcraft.jsch [0.1.55.v20190404-1902]
[2020-05-09 13:25:33] Installing com.jcraft.jzlib [1.1.1.v201205102305]
[2020-05-09 13:25:33] Installing com.sun.el [2.2.0.v201303151357]
[2020-05-09 13:25:33] Installing com.sun.jna [4.5.1.v20190425-1842]
[2020-05-09 13:25:33] Installing com.sun.jna.platform [4.5.1.v20190425-1842]
[2020-05-09 13:25:33] Installing exp4j [0.4.6.202001020956]
[2020-05-09 13:25:33] Installing io.github.classgraph [4.8.35.v20190528-1517]
[2020-05-09 13:25:33] Installing javaewah [1.1.7.v20200107-0831]
[2020-05-09 13:25:33] Installing javax.annotation [1.2.0.v201602091430]
[2020-05-09 13:25:33] Installing javax.el [2.2.0.v201303151357]
[2020-05-09 13:25:33] Installing javax.inject [1.0.0.v20091030]
[2020-05-09 13:25:33] Installing javax.servlet [3.1.0.v201410161800]
[2020-05-09 13:25:33] Installing javax.servlet.jsp [2.2.0.v201112011158]
[2020-05-09 13:25:33] Installing javax.xml [1.3.4.v201005080400]
[2020-05-09 13:25:33] Installing jdt-codemining-feature.feature.group [1.0.0.201812140938]
[2020-05-09 13:25:33] Installing jdt-codemining-feature.feature.jar [1.0.0.201812140938]
[2020-05-09 13:25:33] Installing net.i2p.crypto.eddsa [0.3.0.v20181102-1323]
[2020-05-09 13:25:33] Installing net.sourceforge.plantuml.eclipse [1.1.24]
[2020-05-09 13:25:33] Installing net.sourceforge.plantuml.eclipse.imagecontrol [1.1.24]
[2020-05-09 13:25:33] Installing net.sourceforge.plantuml.feature.feature.group [1.1.24]
[2020-05-09 13:25:33] Installing net.sourceforge.plantuml.feature.feature.jar [1.1.24]
[2020-05-09 13:25:33] Installing net.sourceforge.plantuml.jdt [1.1.24]
[2020-05-09 13:25:33] Installing net.sourceforge.plantuml.lib [1.2019.11]
[2020-05-09 13:25:33] Installing net.sourceforge.plantuml.lib.feature.feature.group [1.2019.11]
[2020-05-09 13:25:33] Installing net.sourceforge.plantuml.lib.feature.feature.jar [1.2019.11]
[2020-05-09 13:25:33] Installing net.sourceforge.plantuml.text [1.1.24]
[2020-05-09 13:25:33] Installing no.hal.emf.ui.utils [0.1.1.202001020956]
[2020-05-09 13:25:33] Installing no.hal.emf.ui.utils.feature.feature.group [0.1.1.202001020956]
[2020-05-09 13:25:33] Installing no.hal.emf.ui.utils.feature.feature.jar [0.1.1.202001020956]
[2020-05-09 13:25:33] Installing no.hal.learning.exercise.feature.feature.group [0.1.0.202001020956]
[2020-05-09 13:25:33] Installing no.hal.learning.exercise.feature.feature.jar [0.1.0.202001020956]
[2020-05-09 13:25:33] Installing no.hal.learning.exercise.jdt [0.1.0.202001020956]
[2020-05-09 13:25:33] Installing no.hal.learning.exercise.jdt.ecore [0.1.0.202001020956]
[2020-05-09 13:25:33] Installing no.hal.learning.exercise.junit [0.1.0.202001020956]
[2020-05-09 13:25:33] Installing no.hal.learning.exercise.model [0.1.0.202001020956]
[2020-05-09 13:25:33] Installing no.hal.learning.exercise.model.ui [0.1.0.202001020956]
[2020-05-09 13:25:33] Installing no.hal.learning.exercise.workbench [0.1.0.202001020956]
[2020-05-09 13:25:33] Installing no.hal.learning.exercise.workspace [0.1.0.202001020956]
[2020-05-09 13:25:33] Installing org.antlr.runtime [3.2.0.v201101311130]
[2020-05-09 13:25:33] Installing org.apache.ant [1.10.7.v20190926-0324]
[2020-05-09 13:25:33] Installing org.apache.batik.constants [1.11.0.v20190515-0436]
[2020-05-09 13:25:33] Installing org.apache.batik.css [1.11.0.v20190515-0436]
[2020-05-09 13:25:33] Installing org.apache.batik.i18n [1.11.0.v20190515-0436]
[2020-05-09 13:25:33] Installing org.apache.batik.util [1.11.0.v20190515-0436]
[2020-05-09 13:25:33] Installing org.apache.commons.codec [1.10.0.v20180409-1845]
[2020-05-09 13:25:33] Installing org.apache.commons.compress [1.19.0.v20200106-2343]
[2020-05-09 13:25:33] Installing org.apache.commons.httpclient [3.1.0.v201012070820]
[2020-05-09 13:25:33] Installing org.apache.commons.io [2.6.0.v20190123-2029]
[2020-05-09 13:25:33] Installing org.apache.commons.jxpath [1.3.0.v200911051830]
[2020-05-09 13:25:33] Installing org.apache.commons.lang [2.6.0.v201404270220]
[2020-05-09 13:25:33] Installing org.apache.commons.lang3 [3.1.0.v201403281430]
[2020-05-09 13:25:33] Installing org.apache.commons.logging [1.2.0.v20180409-1502]
[2020-05-09 13:25:33] Installing org.apache.felix.gogo.command [1.0.2.v20170914-1324]
[2020-05-09 13:25:33] Installing org.apache.felix.gogo.runtime [1.1.0.v20180713-1646]
[2020-05-09 13:25:33] Installing org.apache.felix.gogo.shell [1.1.0.v20180713-1646]
[2020-05-09 13:25:33] Installing org.apache.felix.scr [2.1.14.v20190123-1619]
[2020-05-09 13:25:33] Installing org.apache.httpcomponents.httpclient [4.5.6.v20190503-0009]
[2020-05-09 13:25:33] Installing org.apache.httpcomponents.httpclient.win [4.5.6.v20190213-1947]
[2020-05-09 13:25:33] Installing org.apache.httpcomponents.httpcore [4.4.10.v20190123-2214]
[2020-05-09 13:25:33] Installing org.apache.jasper.glassfish [2.2.2.v201501141630]
[2020-05-09 13:25:33] Installing org.apache.log4j [1.2.15.v201012070815]
[2020-05-09 13:25:33] Installing org.apache.lucene.analyzers-common [8.0.0.v20190404-1858]
[2020-05-09 13:25:33] Installing org.apache.lucene.analyzers-smartcn [8.0.0.v20190404-1858]
[2020-05-09 13:25:33] Installing org.apache.lucene.core [8.0.0.v20190404-1858]
[2020-05-09 13:25:33] Installing org.apache.lucene.queryparser [6.1.0.v20161115-1612]
[2020-05-09 13:25:33] Installing org.apache.sshd.osgi [2.2.0.v20190425-2127]
[2020-05-09 13:25:33] Installing org.apache.sshd.sftp [2.2.0.v20190425-2127]
[2020-05-09 13:25:33] Installing org.apache.xerces [2.9.0.v201101211617]
[2020-05-09 13:25:33] Installing org.apache.xml.resolver [1.2.0.v201005080400]
[2020-05-09 13:25:33] Installing org.apache.xml.serializer [2.7.1.v201005080400]
[2020-05-09 13:25:33] Installing org.apache.xmlgraphics [2.3.0.v20190515-0436]
[2020-05-09 13:25:33] Installing org.apiguardian [1.1.0.v20190826-0900]
[2020-05-09 13:25:33] Installing org.bouncycastle.bcpg [1.64.0.v20191109-0815]
[2020-05-09 13:25:33] Installing org.bouncycastle.bcpkix [1.64.0.v20191109-0815]
[2020-05-09 13:25:33] Installing org.bouncycastle.bcprov [1.64.0.v20191109-0815]
[2020-05-09 13:25:33] Installing org.eclipse.ant.core [3.5.600.v20191122-2102]
[2020-05-09 13:25:33] Installing org.eclipse.ant.launching [1.2.700.v20191127-0426]
[2020-05-09 13:25:33] Installing org.eclipse.ant.ui [3.7.600.v20191122-2102]
[2020-05-09 13:25:33] Installing org.eclipse.cdt.core.native [5.10.300.201910171407]
[2020-05-09 13:25:33] Installing org.eclipse.cdt.core.win32 [5.4.2.201811241055]
[2020-05-09 13:25:33] Installing org.eclipse.cdt.core.win32.x86_64 [5.4.2.201811241055]
[2020-05-09 13:25:33] Installing org.eclipse.compare [3.7.800.v20191122-2107]
[2020-05-09 13:25:33] Installing org.eclipse.compare.core [3.6.700.v20191122-2107]
[2020-05-09 13:25:33] Installing org.eclipse.compare.win32 [1.2.700.v20191122-2107]
[2020-05-09 13:25:33] Installing org.eclipse.core.commands [3.9.600.v20191122-2109]
[2020-05-09 13:25:33] Installing org.eclipse.core.contenttype [3.7.500.v20190916-2125]
[2020-05-09 13:25:33] Installing org.eclipse.core.databinding [1.7.700.v20191122-2109]
[2020-05-09 13:25:33] Installing org.eclipse.core.databinding.beans [1.6.0.v20191118-0932]
[2020-05-09 13:25:33] Installing org.eclipse.core.databinding.observable [1.8.100.v20191118-0932]
[2020-05-09 13:25:33] Installing org.eclipse.core.databinding.property [1.7.200.v20191105-1311]
[2020-05-09 13:25:33] Installing org.eclipse.core.expressions [3.6.600.v20191122-2104]
[2020-05-09 13:25:33] Installing org.eclipse.core.externaltools [1.1.500.v20191014-1300]
[2020-05-09 13:25:33] Installing org.eclipse.core.filebuffers [3.6.800.v20191122-2108]
[2020-05-09 13:25:33] Installing org.eclipse.core.filesystem [1.7.600.v20191122-2104]
[2020-05-09 13:25:33] Installing org.eclipse.core.filesystem.win32.x86_64 [1.4.200.v20190812-0909]
[2020-05-09 13:25:33] Installing org.eclipse.core.jobs [3.10.600.v20191122-2104]
[2020-05-09 13:25:33] Installing org.eclipse.core.net [1.3.700.v20191122-2107]
[2020-05-09 13:25:33] Installing org.eclipse.core.net.win32.x86_64 [1.1.500.v20190925-1337]
[2020-05-09 13:25:33] Installing org.eclipse.core.resources [3.13.600.v20191122-2104]
[2020-05-09 13:25:33] Installing org.eclipse.core.resources.win32.x86_64 [3.5.400.v20190812-0909]
[2020-05-09 13:25:33] Installing org.eclipse.core.runtime [3.17.0.v20191122-2104]
[2020-05-09 13:25:33] Installing org.eclipse.core.variables [3.4.700.v20191114-1848]
[2020-05-09 13:25:33] Installing org.eclipse.debug.core [3.14.100.v20191115-1406]
[2020-05-09 13:25:33] Installing org.eclipse.debug.ui [3.14.300.v20191116-2105]
[2020-05-09 13:25:33] Installing org.eclipse.draw2d [3.10.100.201606061308]
[2020-05-09 13:25:33] Installing org.eclipse.e4.core.commands [0.12.800.v20190926-0808]
[2020-05-09 13:25:33] Installing org.eclipse.e4.core.contexts [1.8.300.v20191017-1404]
[2020-05-09 13:25:33] Installing org.eclipse.e4.core.di [1.7.500.v20190916-2125]
[2020-05-09 13:25:33] Installing org.eclipse.e4.core.di.annotations [1.6.500.v20190925-0538]
[2020-05-09 13:25:33] Installing org.eclipse.e4.core.di.extensions [0.15.400.v20191122-2104]
[2020-05-09 13:25:33] Installing org.eclipse.e4.core.di.extensions.supplier [0.15.400.v20190709-0707]
[2020-05-09 13:25:33] Installing org.eclipse.e4.core.services [2.2.100.v20191122-2104]
[2020-05-09 13:25:33] Installing org.eclipse.e4.emf.xpath [0.2.500.v20191021-1408]
[2020-05-09 13:25:33] Installing org.eclipse.e4.rcp.feature.group [4.14.0.v20191204-0601]
[2020-05-09 13:25:33] Installing org.eclipse.e4.rcp.feature.jar [4.14.0.v20191204-0601]
[2020-05-09 13:25:33] Installing org.eclipse.e4.ui.bindings [0.12.700.v20191105-1310]
[2020-05-09 13:25:33] Installing org.eclipse.e4.ui.css.core [0.12.900.v20191106-1716]
[2020-05-09 13:25:33] Installing org.eclipse.e4.ui.css.swt [0.13.700.v20191113-1031]
[2020-05-09 13:25:33] Installing org.eclipse.e4.ui.css.swt.theme [0.12.500.v20191125-1011]
[2020-05-09 13:25:33] Installing org.eclipse.e4.ui.di [1.2.700.v20191114-0830]
[2020-05-09 13:25:33] Installing org.eclipse.e4.ui.dialogs [1.1.600.v20190814-0636]
[2020-05-09 13:25:33] Installing org.eclipse.e4.ui.model.workbench [2.1.600.v20191106-1503]
[2020-05-09 13:25:33] Installing org.eclipse.e4.ui.services [1.3.700.v20190930-1643]
[2020-05-09 13:25:33] Installing org.eclipse.e4.ui.widgets [1.2.600.v20190926-0808]
[2020-05-09 13:25:33] Installing org.eclipse.e4.ui.workbench [1.11.0.v20191120-1917]
[2020-05-09 13:25:33] Installing org.eclipse.e4.ui.workbench.addons.swt [1.3.700.v20191030-1314]
[2020-05-09 13:25:33] Installing org.eclipse.e4.ui.workbench.renderers.swt [0.14.900.v20191114-0715]
[2020-05-09 13:25:33] Installing org.eclipse.e4.ui.workbench.swt [0.14.800.v20190930-1643]
[2020-05-09 13:25:33] Installing org.eclipse.e4.ui.workbench3 [0.15.300.v20190926-0808]
[2020-05-09 13:25:33] Installing org.eclipse.ecf [3.9.4.v20191020-1846]
[2020-05-09 13:25:33] Installing org.eclipse.ecf.core.feature.feature.group [1.5.400.v20191023-2007]
[2020-05-09 13:25:33] Installing org.eclipse.ecf.core.feature.feature.jar [1.5.400.v20191023-2007]
[2020-05-09 13:25:33] Installing org.eclipse.ecf.core.ssl.feature.feature.group [1.1.300.v20191023-2007]
[2020-05-09 13:25:33] Installing org.eclipse.ecf.core.ssl.feature.feature.jar [1.1.300.v20191023-2007]
[2020-05-09 13:25:33] Installing org.eclipse.ecf.filetransfer [5.0.300.v20191020-1846]
[2020-05-09 13:25:33] Installing org.eclipse.ecf.filetransfer.feature.feature.group [3.14.600.v20191023-2007]
[2020-05-09 13:25:33] Installing org.eclipse.ecf.filetransfer.feature.feature.jar [3.14.600.v20191023-2007]
[2020-05-09 13:25:33] Installing org.eclipse.ecf.filetransfer.httpclient45.feature.feature.group [1.0.100.v20191024-1546]
[2020-05-09 13:25:33] Installing org.eclipse.ecf.filetransfer.httpclient45.feature.feature.jar [1.0.100.v20191024-1546]
[2020-05-09 13:25:33] Installing org.eclipse.ecf.filetransfer.ssl.feature.feature.group [1.1.200.v20191024-1546]
[2020-05-09 13:25:33] Installing org.eclipse.ecf.filetransfer.ssl.feature.feature.jar [1.1.200.v20191024-1546]
[2020-05-09 13:25:33] Installing org.eclipse.ecf.identity [3.9.300.v20191020-1846]
[2020-05-09 13:25:33] Installing org.eclipse.ecf.provider.filetransfer [3.2.500.v20191017-1905]
[2020-05-09 13:25:33] Installing org.eclipse.ecf.provider.filetransfer.httpclient45 [1.0.100.v20191012-1656]
[2020-05-09 13:25:33] Installing org.eclipse.ecf.provider.filetransfer.httpclient45.win32 [1.0.0.v20190502-2116]
[2020-05-09 13:25:33] Installing org.eclipse.ecf.provider.filetransfer.ssl [1.0.101.v20191012-1926]
[2020-05-09 13:25:33] Installing org.eclipse.ecf.ssl [1.2.300.v20191012-1926]
[2020-05-09 13:25:33] Installing org.eclipse.egit [5.7.0.202003110725-r]
[2020-05-09 13:25:33] Installing org.eclipse.egit.codemining [1.0.0.201812140938]
[2020-05-09 13:25:33] Installing org.eclipse.egit.core [5.7.0.202003110725-r]
[2020-05-09 13:25:33] Installing org.eclipse.egit.doc [5.7.0.202003110725-r]
[2020-05-09 13:25:33] Installing org.eclipse.egit.feature.group [5.7.0.202003110725-r]
[2020-05-09 13:25:33] Installing org.eclipse.egit.feature.jar [5.7.0.202003110725-r]
[2020-05-09 13:25:33] Installing org.eclipse.egit.ui [5.7.0.202003110725-r]
[2020-05-09 13:25:33] Installing org.eclipse.emf.common [2.17.0.v20190920-0401]
[2020-05-09 13:25:33] Installing org.eclipse.emf.common.feature.group [2.17.0.v20190920-0401]
[2020-05-09 13:25:33] Installing org.eclipse.emf.common.feature.jar [2.17.0.v20190920-0401]
[2020-05-09 13:25:33] Installing org.eclipse.emf.common.ui [2.18.0.v20190507-0402]
[2020-05-09 13:25:33] Installing org.eclipse.emf.databinding [1.5.0.v20180706-1146]
[2020-05-09 13:25:33] Installing org.eclipse.emf.databinding.edit [1.6.0.v20190323-1031]
[2020-05-09 13:25:33] Installing org.eclipse.emf.ecore [2.20.0.v20190920-0401]
[2020-05-09 13:25:33] Installing org.eclipse.emf.ecore.change [2.14.0.v20190528-0725]
[2020-05-09 13:25:33] Installing org.eclipse.emf.ecore.edit [2.13.0.v20190822-1451]
[2020-05-09 13:25:33] Installing org.eclipse.emf.ecore.editor [2.17.0.v20190528-0725]
[2020-05-09 13:25:33] Installing org.eclipse.emf.ecore.feature.group [2.20.0.v20190920-0401]
[2020-05-09 13:25:33] Installing org.eclipse.emf.ecore.feature.jar [2.20.0.v20190920-0401]
[2020-05-09 13:25:33] Installing org.eclipse.emf.ecore.xmi [2.16.0.v20190528-0725]
[2020-05-09 13:25:33] Installing org.eclipse.emf.edit [2.16.0.v20190920-0401]
[2020-05-09 13:25:33] Installing org.eclipse.emf.edit.ui [2.17.0.v20190920-0412]
[2020-05-09 13:25:33] Installing org.eclipse.equinox.app [1.4.300.v20190815-1535]
[2020-05-09 13:25:33] Installing org.eclipse.equinox.bidi [1.2.200.v20191008-0718]
[2020-05-09 13:25:33] Installing org.eclipse.equinox.common [3.10.600.v20191004-1420]
[2020-05-09 13:25:33] Installing org.eclipse.equinox.concurrent [1.1.400.v20190621-0852]
[2020-05-09 13:25:33] Installing org.eclipse.equinox.console [1.4.0.v20190819-1430]
[2020-05-09 13:25:33] Installing org.eclipse.equinox.event [1.5.300.v20191001-1333]
[2020-05-09 13:25:33] Installing org.eclipse.equinox.frameworkadmin [2.1.400.v20191002-0702]
[2020-05-09 13:25:33] Installing org.eclipse.equinox.frameworkadmin.equinox [1.1.200.v20191015-1207]
[2020-05-09 13:25:33] Installing org.eclipse.equinox.http.jetty [3.7.300.v20191015-2006]
[2020-05-09 13:25:33] Installing org.eclipse.equinox.http.registry [1.1.700.v20190214-1948]
[2020-05-09 13:25:33] Installing org.eclipse.equinox.http.servlet [1.6.300.v20191011-1612]
[2020-05-09 13:25:33] Installing org.eclipse.equinox.jsp.jasper [1.1.300.v20190714-1850]
[2020-05-09 13:25:33] Installing org.eclipse.equinox.jsp.jasper.registry [1.1.300.v20190714-1850]
[2020-05-09 13:25:33] Installing org.eclipse.equinox.launcher [1.5.600.v20191014-2022]
[2020-05-09 13:25:33] Installing org.eclipse.equinox.launcher.win32.win32.x86_64 [1.1.1100.v20190907-0426]
[2020-05-09 13:25:33] Installing org.eclipse.equinox.p2.artifact.repository [1.3.300.v20191015-1504]
[2020-05-09 13:25:33] Installing org.eclipse.equinox.p2.console [1.1.300.v20191014-1219]
[2020-05-09 13:25:33] Installing org.eclipse.equinox.p2.core [2.6.200.v20191014-1220]
[2020-05-09 13:25:33] Installing org.eclipse.equinox.p2.core.feature.feature.group [1.6.400.v20191120-0247]
[2020-05-09 13:25:33] Installing org.eclipse.equinox.p2.core.feature.feature.jar [1.6.400.v20191120-0247]
[2020-05-09 13:25:33] Installing org.eclipse.equinox.p2.director [2.4.500.v20191014-1220]
[2020-05-09 13:25:33] Installing org.eclipse.equinox.p2.director.app [1.1.400.v20191015-1945]
[2020-05-09 13:25:33] Installing org.eclipse.equinox.p2.directorywatcher [1.2.400.v20191015-1945]
[2020-05-09 13:25:33] Installing org.eclipse.equinox.p2.discovery [1.1.200.v20190611-1008]
[2020-05-09 13:25:33] Installing org.eclipse.equinox.p2.discovery.compatibility [1.1.200.v20190611-1008]
[2020-05-09 13:25:33] Installing org.eclipse.equinox.p2.engine [2.6.500.v20191014-1645]
[2020-05-09 13:25:33] Installing org.eclipse.equinox.p2.extensionlocation [1.3.300.v20191014-1645]
[2020-05-09 13:25:33] Installing org.eclipse.equinox.p2.extras.feature.feature.group [1.4.600.v20191120-0247]
[2020-05-09 13:25:33] Installing org.eclipse.equinox.p2.extras.feature.feature.jar [1.4.600.v20191120-0247]
[2020-05-09 13:25:33] Installing org.eclipse.equinox.p2.garbagecollector [1.1.300.v20191015-1207]
[2020-05-09 13:25:33] Installing org.eclipse.equinox.p2.jarprocessor [1.1.500.v20191014-1732]
[2020-05-09 13:25:33] Installing org.eclipse.equinox.p2.metadata [2.4.600.v20191002-0702]
[2020-05-09 13:25:33] Installing org.eclipse.equinox.p2.metadata.repository [1.3.300.v20191002-0702]
[2020-05-09 13:25:33] Installing org.eclipse.equinox.p2.operations [2.5.600.v20191016-0507]
[2020-05-09 13:25:33] Installing org.eclipse.equinox.p2.publisher [1.5.300.v20191016-0507]
[2020-05-09 13:25:33] Installing org.eclipse.equinox.p2.publisher.eclipse [1.3.400.v20191018-2256]
[2020-05-09 13:25:33] Installing org.eclipse.equinox.p2.rcp.feature.feature.group [1.4.600.v20191120-0247]
[2020-05-09 13:25:33] Installing org.eclipse.equinox.p2.rcp.feature.feature.jar [1.4.600.v20191120-0247]
[2020-05-09 13:25:33] Installing org.eclipse.equinox.p2.reconciler.dropins [1.3.200.v20191016-0510]
[2020-05-09 13:25:33] Installing org.eclipse.equinox.p2.repository [2.4.600.v20191016-0510]
[2020-05-09 13:25:33] Installing org.eclipse.equinox.p2.repository.tools [2.2.400.v20191016-0510]
[2020-05-09 13:25:33] Installing org.eclipse.equinox.p2.touchpoint.eclipse [2.2.500.v20191114-1206]
[2020-05-09 13:25:33] Installing org.eclipse.equinox.p2.touchpoint.natives [1.3.400.v20191017-1917]
[2020-05-09 13:25:33] Installing org.eclipse.equinox.p2.transport.ecf [1.2.300.v20191001-0955]
[2020-05-09 13:25:33] Installing org.eclipse.equinox.p2.ui [2.5.700.v20190930-1517]
[2020-05-09 13:25:33] Installing org.eclipse.equinox.p2.ui.discovery [1.1.300.v20191014-1907]
[2020-05-09 13:25:33] Installing org.eclipse.equinox.p2.ui.importexport [1.2.400.v20191016-0512]
[2020-05-09 13:25:33] Installing org.eclipse.equinox.p2.ui.sdk [1.1.500.v20191016-0512]
[2020-05-09 13:25:33] Installing org.eclipse.equinox.p2.ui.sdk.scheduler [1.4.500.v20191016-0512]
[2020-05-09 13:25:33] Installing org.eclipse.equinox.p2.updatechecker [1.2.200.v20190701-1309]
[2020-05-09 13:25:33] Installing org.eclipse.equinox.p2.updatesite [1.1.300.v20191016-0515]
[2020-05-09 13:25:33] Installing org.eclipse.equinox.p2.user.ui.feature.group [2.4.600.v20191120-0247]
[2020-05-09 13:25:33] Installing org.eclipse.equinox.p2.user.ui.feature.jar [2.4.600.v20191120-0247]
[2020-05-09 13:25:33] Installing org.eclipse.equinox.preferences [3.7.600.v20191017-2055]
[2020-05-09 13:25:33] Installing org.eclipse.equinox.registry [3.8.600.v20191017-2055]
[2020-05-09 13:25:33] Installing org.eclipse.equinox.security [1.3.400.v20191008-0645]
[2020-05-09 13:25:33] Installing org.eclipse.equinox.security.ui [1.2.500.v20191003-0536]
[2020-05-09 13:25:33] Installing org.eclipse.equinox.security.win32.x86_64 [1.1.200.v20190812-0919]
[2020-05-09 13:25:33] Installing org.eclipse.equinox.simpleconfigurator [1.3.400.v20191015-1836]
[2020-05-09 13:25:33] Installing org.eclipse.equinox.simpleconfigurator.manipulator [2.1.400.v20191015-1836]
[2020-05-09 13:25:33] Installing org.eclipse.fx.core [3.6.0.201907240201]
[2020-05-09 13:25:33] Installing org.eclipse.fx.core.guice [3.6.0.201907240201]
[2020-05-09 13:25:33] Installing org.eclipse.fx.ide.basic.feature.feature.group [3.5.0.201907240300]
[2020-05-09 13:25:33] Installing org.eclipse.fx.ide.basic.feature.feature.jar [3.5.0.201907240300]
[2020-05-09 13:25:33] Installing org.eclipse.fx.ide.css [3.5.0.201907240300]
[2020-05-09 13:25:33] Installing org.eclipse.fx.ide.css.cssext [3.5.0.201907240300]
[2020-05-09 13:25:33] Installing org.eclipse.fx.ide.css.cssext.proposals [3.5.0.201907240300]
[2020-05-09 13:25:33] Installing org.eclipse.fx.ide.css.cssext.ui [3.5.0.201907240300]
[2020-05-09 13:25:33] Installing org.eclipse.fx.ide.css.feature.feature.group [3.5.0.201907240300]
[2020-05-09 13:25:33] Installing org.eclipse.fx.ide.css.feature.feature.jar [3.5.0.201907240300]
[2020-05-09 13:25:33] Installing org.eclipse.fx.ide.css.jfx2 [3.5.0.201907240300]
[2020-05-09 13:25:33] Installing org.eclipse.fx.ide.css.jfx8 [3.5.0.201907240300]
[2020-05-09 13:25:33] Installing org.eclipse.fx.ide.css.ui [3.5.0.201907240300]
[2020-05-09 13:25:33] Installing org.eclipse.fx.ide.fxml [3.5.0.201907240300]
[2020-05-09 13:25:33] Installing org.eclipse.fx.ide.fxml.feature.feature.group [3.5.0.201907240300]
[2020-05-09 13:25:33] Installing org.eclipse.fx.ide.fxml.feature.feature.jar [3.5.0.201907240300]
[2020-05-09 13:25:33] Installing org.eclipse.fx.ide.jdt.core [3.5.0.201907240300]
[2020-05-09 13:25:33] Installing org.eclipse.fx.ide.jdt.ui [3.5.0.201907240300]
[2020-05-09 13:25:33] Installing org.eclipse.fx.ide.model [3.5.0.201907240300]
[2020-05-09 13:25:33] Installing org.eclipse.fx.ide.ui [3.5.0.201907240300]
[2020-05-09 13:25:33] Installing org.eclipse.fx.ide.ui.preview [3.5.0.201907240300]
[2020-05-09 13:25:33] Installing org.eclipse.fx.osgi [3.6.0.201907240103]
[2020-05-09 13:25:33] Installing org.eclipse.fx.osgi.util [3.6.0.201907240201]
[2020-05-09 13:25:33] Installing org.eclipse.fx.runtime.min.feature.feature.group [3.6.0.201907240103]
[2020-05-09 13:25:33] Installing org.eclipse.fx.runtime.min.feature.feature.jar [3.6.0.201907240103]
[2020-05-09 13:25:33] Installing org.eclipse.fx.ui.animation [3.6.0.201907240201]
[2020-05-09 13:25:33] Installing org.eclipse.fx.ui.controls [3.6.0.201907240201]
[2020-05-09 13:25:33] Installing org.eclipse.fx.ui.panes [3.6.0.201907240201]
[2020-05-09 13:25:33] Installing org.eclipse.fx.ui.workbench3 [3.6.0.201907240103]
[2020-05-09 13:25:33] Installing org.eclipse.gef [3.11.0.201606061308]
[2020-05-09 13:25:33] Installing org.eclipse.help [3.8.600.v20191123-0656]
[2020-05-09 13:25:33] Installing org.eclipse.help.base [4.2.800.v20191210-0610]
[2020-05-09 13:25:33] Installing org.eclipse.help.feature.group [2.3.0.v20191210-0610]
[2020-05-09 13:25:33] Installing org.eclipse.help.feature.jar [2.3.0.v20191210-0610]
[2020-05-09 13:25:33] Installing org.eclipse.help.ui [4.1.700.v20191123-0656]
[2020-05-09 13:25:33] Installing org.eclipse.help.webapp [3.9.700.v20191123-0656]
[2020-05-09 13:25:33] Installing org.eclipse.jdt [3.18.200.v20191210-0610]
[2020-05-09 13:25:33] Installing org.eclipse.jdt.annotation [2.2.400.v20191120-1313]
[2020-05-09 13:25:33] Installing org.eclipse.jdt.apt.core [3.6.550.v20190919-0948]
[2020-05-09 13:25:33] Installing org.eclipse.jdt.apt.pluggable.core [1.2.400.v20190626-1334]
[2020-05-09 13:25:33] Installing org.eclipse.jdt.apt.ui [3.6.300.v20190727-1243]
[2020-05-09 13:25:33] Installing org.eclipse.jdt.codemining [1.0.0.201812140938]
[2020-05-09 13:25:33] Installing org.eclipse.jdt.compiler.apt [1.3.800.v20190919-0948]
[2020-05-09 13:25:33] Installing org.eclipse.jdt.compiler.tool [1.2.700.v20191001-0515]
[2020-05-09 13:25:33] Installing org.eclipse.jdt.core [3.20.0.v20191203-2131]
[2020-05-09 13:25:33] Installing org.eclipse.jdt.core.manipulation [1.13.0.v20191203-0859]
[2020-05-09 13:25:33] Installing org.eclipse.jdt.debug [3.14.0.v20191105-0758]
[2020-05-09 13:25:33] Installing org.eclipse.jdt.debug.ui [3.10.500.v20191130-0156]
[2020-05-09 13:25:33] Installing org.eclipse.jdt.doc.user [3.15.500.v20191204-0828]
[2020-05-09 13:25:33] Installing org.eclipse.jdt.feature.group [3.18.200.v20191210-0610]
[2020-05-09 13:25:33] Installing org.eclipse.jdt.feature.jar [3.18.200.v20191210-0610]
[2020-05-09 13:25:33] Installing org.eclipse.jdt.junit [3.11.600.v20191115-1651]
[2020-05-09 13:25:33] Installing org.eclipse.jdt.junit.core [3.10.500.v20191115-1651]
[2020-05-09 13:25:33] Installing org.eclipse.jdt.junit.runtime [3.5.0.v20191115-1651]
[2020-05-09 13:25:33] Installing org.eclipse.jdt.junit4.runtime [1.1.1100.v20191009-0503]
[2020-05-09 13:25:33] Installing org.eclipse.jdt.junit5.runtime [1.0.700.v20191009-0503]
[2020-05-09 13:25:33] Installing org.eclipse.jdt.launching [3.16.0.v20191108-0353]
[2020-05-09 13:25:33] Installing org.eclipse.jdt.ui [3.20.0.v20191203-1301]
[2020-05-09 13:25:33] Installing org.eclipse.jem.util [2.1.201.v201903222010]
[2020-05-09 13:25:33] Installing org.eclipse.jetty.continuation [9.4.24.v20191120]
[2020-05-09 13:25:33] Installing org.eclipse.jetty.http [9.4.24.v20191120]
[2020-05-09 13:25:33] Installing org.eclipse.jetty.io [9.4.24.v20191120]
[2020-05-09 13:25:33] Installing org.eclipse.jetty.security [9.4.24.v20191120]
[2020-05-09 13:25:33] Installing org.eclipse.jetty.server [9.4.24.v20191120]
[2020-05-09 13:25:33] Installing org.eclipse.jetty.servlet [9.4.24.v20191120]
[2020-05-09 13:25:33] Installing org.eclipse.jetty.util [9.4.24.v20191120]
[2020-05-09 13:25:33] Installing org.eclipse.jface [3.18.0.v20191122-2109]
[2020-05-09 13:25:33] Installing org.eclipse.jface.databinding [1.9.200.v20191113-1050]
[2020-05-09 13:25:33] Installing org.eclipse.jface.text [3.16.100.v20191203-1634]
[2020-05-09 13:25:33] Installing org.eclipse.jgit [5.7.0.202003110725-r]
[2020-05-09 13:25:33] Installing org.eclipse.jgit.archive [5.7.0.202003110725-r]
[2020-05-09 13:25:33] Installing org.eclipse.jgit.feature.group [5.7.0.202003110725-r]
[2020-05-09 13:25:33] Installing org.eclipse.jgit.feature.jar [5.7.0.202003110725-r]
[2020-05-09 13:25:33] Installing org.eclipse.jgit.http.apache [5.7.0.202003110725-r]
[2020-05-09 13:25:33] Installing org.eclipse.jgit.http.apache.feature.group [5.7.0.202003110725-r]
[2020-05-09 13:25:33] Installing org.eclipse.jgit.http.apache.feature.jar [5.7.0.202003110725-r]
[2020-05-09 13:25:33] Installing org.eclipse.jgit.ssh.apache [5.7.0.202003110725-r]
[2020-05-09 13:25:33] Installing org.eclipse.jgit.ssh.apache.feature.group [5.7.0.202003110725-r]
[2020-05-09 13:25:33] Installing org.eclipse.jgit.ssh.apache.feature.jar [5.7.0.202003110725-r]
[2020-05-09 13:25:33] Installing org.eclipse.jsch.core [1.3.700.v20190925-1021]
[2020-05-09 13:25:33] Installing org.eclipse.jsch.ui [1.3.700.v20191105-0922]
[2020-05-09 13:25:33] Installing org.eclipse.ltk.core.refactoring [3.10.300.v20191104-1954]
[2020-05-09 13:25:33] Installing org.eclipse.ltk.ui.refactoring [3.10.100.v20191113-0119]
[2020-05-09 13:25:33] Installing org.eclipse.m2e.archetype.common [1.14.0.20191209-1923]
[2020-05-09 13:25:33] Installing org.eclipse.m2e.binaryproject [1.14.0.20191209-1925]
[2020-05-09 13:25:33] Installing org.eclipse.m2e.binaryproject.ui [1.14.0.20191209-1925]
[2020-05-09 13:25:33] Installing org.eclipse.m2e.core [1.14.0.20191209-1925]
[2020-05-09 13:25:33] Installing org.eclipse.m2e.core.ui [1.14.0.20191209-1925]
[2020-05-09 13:25:33] Installing org.eclipse.m2e.discovery [1.14.0.20191209-1925]
[2020-05-09 13:25:33] Installing org.eclipse.m2e.editor [1.14.0.20191209-1925]
[2020-05-09 13:25:33] Installing org.eclipse.m2e.editor.xml [1.14.0.20191209-1925]
[2020-05-09 13:25:33] Installing org.eclipse.m2e.feature.feature.group [1.14.0.20191209-1925]
[2020-05-09 13:25:33] Installing org.eclipse.m2e.feature.feature.jar [1.14.0.20191209-1925]
[2020-05-09 13:25:33] Installing org.eclipse.m2e.importer [1.14.0.20191209-1925]
[2020-05-09 13:25:33] Installing org.eclipse.m2e.jdt [1.14.0.20191209-1925]
[2020-05-09 13:25:33] Installing org.eclipse.m2e.jdt.ui [1.14.0.20191209-1925]
[2020-05-09 13:25:33] Installing org.eclipse.m2e.launching [1.14.0.20191209-1925]
[2020-05-09 13:25:33] Installing org.eclipse.m2e.lifecyclemapping.defaults [1.14.0.20191209-1925]
[2020-05-09 13:25:33] Installing org.eclipse.m2e.maven.indexer [1.14.0.20191209-1923]
[2020-05-09 13:25:33] Installing org.eclipse.m2e.maven.runtime [1.14.0.20191209-1923]
[2020-05-09 13:25:33] Installing org.eclipse.m2e.maven.runtime.slf4j.simple [1.14.0.20191209-1923]
[2020-05-09 13:25:33] Installing org.eclipse.m2e.model.edit [1.14.0.20191209-1925]
[2020-05-09 13:25:33] Installing org.eclipse.m2e.profiles.core [1.14.0.20191209-1925]
[2020-05-09 13:25:33] Installing org.eclipse.m2e.profiles.ui [1.14.0.20191209-1925]
[2020-05-09 13:25:33] Installing org.eclipse.m2e.refactoring [1.14.0.20191209-1925]
[2020-05-09 13:25:33] Installing org.eclipse.m2e.scm [1.14.0.20191209-1925]
[2020-05-09 13:25:33] Installing org.eclipse.m2e.sourcelookup [1.14.0.20191209-1925]
[2020-05-09 13:25:33] Installing org.eclipse.m2e.sourcelookup.ui [1.14.0.20191209-1925]
[2020-05-09 13:25:33] Installing org.eclipse.m2e.workspace.cli [0.3.1]
[2020-05-09 13:25:33] Installing org.eclipse.mylyn.commons.core [3.24.2.v20180904-2231]
[2020-05-09 13:25:33] Installing org.eclipse.mylyn.commons.feature.group [3.24.2.v20180904-2231]
[2020-05-09 13:25:33] Installing org.eclipse.mylyn.commons.feature.jar [3.24.2.v20180904-2231]
[2020-05-09 13:25:33] Installing org.eclipse.mylyn.commons.identity.core [1.16.0.v20180904-2231]
[2020-05-09 13:25:33] Installing org.eclipse.mylyn.commons.identity.feature.group [1.16.0.v20180904-2231]
[2020-05-09 13:25:33] Installing org.eclipse.mylyn.commons.identity.feature.jar [1.16.0.v20180904-2231]
[2020-05-09 13:25:33] Installing org.eclipse.mylyn.commons.net [3.24.2.v20180904-2231]
[2020-05-09 13:25:33] Installing org.eclipse.mylyn.commons.notifications.core [1.16.0.v20180904-2231]
[2020-05-09 13:25:33] Installing org.eclipse.mylyn.commons.notifications.feature.group [1.16.0.v20180904-2231]
[2020-05-09 13:25:33] Installing org.eclipse.mylyn.commons.notifications.feature.jar [1.16.0.v20180904-2231]
[2020-05-09 13:25:33] Installing org.eclipse.mylyn.commons.notifications.feed [1.16.0.v20180904-2231]
[2020-05-09 13:25:33] Installing org.eclipse.mylyn.commons.notifications.ui [1.16.0.v20180904-2231]
[2020-05-09 13:25:33] Installing org.eclipse.mylyn.commons.repositories.core [1.16.0.v20180904-2231]
[2020-05-09 13:25:33] Installing org.eclipse.mylyn.commons.repositories.feature.group [1.16.0.v20180904-2231]
[2020-05-09 13:25:33] Installing org.eclipse.mylyn.commons.repositories.feature.jar [1.16.0.v20180904-2231]
[2020-05-09 13:25:33] Installing org.eclipse.mylyn.commons.repositories.ui [1.16.0.v20180904-2231]
[2020-05-09 13:25:33] Installing org.eclipse.mylyn.commons.screenshots [3.24.2.v20180904-2231]
[2020-05-09 13:25:33] Installing org.eclipse.mylyn.commons.ui [3.24.2.v20180904-2231]
[2020-05-09 13:25:33] Installing org.eclipse.mylyn.commons.workbench [3.24.2.v20180904-2231]
[2020-05-09 13:25:33] Installing org.eclipse.mylyn.context.core [3.24.2.v20180905-0014]
[2020-05-09 13:25:33] Installing org.eclipse.mylyn.context.ui [3.24.2.v20180905-0014]
[2020-05-09 13:25:33] Installing org.eclipse.mylyn.discovery.core [3.24.2.v20180904-2231]
[2020-05-09 13:25:33] Installing org.eclipse.mylyn.discovery.feature.group [3.24.2.v20180904-2231]
[2020-05-09 13:25:33] Installing org.eclipse.mylyn.discovery.feature.jar [3.24.2.v20180904-2231]
[2020-05-09 13:25:33] Installing org.eclipse.mylyn.discovery.ui [3.24.2.v20180904-2231]
[2020-05-09 13:25:33] Installing org.eclipse.mylyn.monitor.core [3.24.2.v20180904-2231]
[2020-05-09 13:25:33] Installing org.eclipse.mylyn.monitor.feature.group [3.24.2.v20180904-2231]
[2020-05-09 13:25:33] Installing org.eclipse.mylyn.monitor.feature.jar [3.24.2.v20180904-2231]
[2020-05-09 13:25:33] Installing org.eclipse.mylyn.monitor.ui [3.24.2.v20180904-2231]
[2020-05-09 13:25:33] Installing org.eclipse.mylyn.tasks.core [3.24.2.v20180905-0003]
[2020-05-09 13:25:33] Installing org.eclipse.mylyn.tasks.index.core [3.24.2.v20180905-0003]
[2020-05-09 13:25:33] Installing org.eclipse.mylyn.tasks.index.ui [3.24.2.v20180905-0003]
[2020-05-09 13:25:33] Installing org.eclipse.mylyn.tasks.search [3.24.2.v20180905-0003]
[2020-05-09 13:25:33] Installing org.eclipse.mylyn.tasks.ui [3.24.2.v20180905-0003]
[2020-05-09 13:25:33] Installing org.eclipse.mylyn.wikitext [3.0.35.20191206145759]
[2020-05-09 13:25:33] Installing org.eclipse.mylyn.wikitext.ant [3.0.35.20191206145759]
[2020-05-09 13:25:33] Installing org.eclipse.mylyn.wikitext.asciidoc [3.0.35.20191206145759]
[2020-05-09 13:25:33] Installing org.eclipse.mylyn.wikitext.asciidoc.ui [3.0.35.201912061959]
[2020-05-09 13:25:33] Installing org.eclipse.mylyn.wikitext.confluence [3.0.35.20191206145759]
[2020-05-09 13:25:33] Installing org.eclipse.mylyn.wikitext.confluence.ui [3.0.35.201912061959]
[2020-05-09 13:25:33] Installing org.eclipse.mylyn.wikitext.context.ui [3.0.35.201912061959]
[2020-05-09 13:25:33] Installing org.eclipse.mylyn.wikitext.editors_feature.feature.group [3.0.35.201912061959]
[2020-05-09 13:25:33] Installing org.eclipse.mylyn.wikitext.editors_feature.feature.jar [3.0.35.201912061959]
[2020-05-09 13:25:33] Installing org.eclipse.mylyn.wikitext.help.ui [3.0.35.201912061959]
[2020-05-09 13:25:33] Installing org.eclipse.mylyn.wikitext.html [3.0.35.20191206145759]
[2020-05-09 13:25:33] Installing org.eclipse.mylyn.wikitext.markdown [3.0.35.20191206145759]
[2020-05-09 13:25:33] Installing org.eclipse.mylyn.wikitext.markdown.ui [3.0.35.201912061959]
[2020-05-09 13:25:33] Installing org.eclipse.mylyn.wikitext.mediawiki [3.0.35.20191206145759]
[2020-05-09 13:25:33] Installing org.eclipse.mylyn.wikitext.mediawiki.ui [3.0.35.201912061959]
[2020-05-09 13:25:33] Installing org.eclipse.mylyn.wikitext.osgi [3.0.35.201912061959]
[2020-05-09 13:25:33] Installing org.eclipse.mylyn.wikitext.tasks.ui [3.0.35.201912061959]
[2020-05-09 13:25:33] Installing org.eclipse.mylyn.wikitext.textile [3.0.35.20191206145759]
[2020-05-09 13:25:33] Installing org.eclipse.mylyn.wikitext.textile.ui [3.0.35.201912061959]
[2020-05-09 13:25:33] Installing org.eclipse.mylyn.wikitext.tracwiki [3.0.35.20191206145759]
[2020-05-09 13:25:33] Installing org.eclipse.mylyn.wikitext.tracwiki.ui [3.0.35.201912061959]
[2020-05-09 13:25:33] Installing org.eclipse.mylyn.wikitext.twiki [3.0.35.20191206145759]
[2020-05-09 13:25:33] Installing org.eclipse.mylyn.wikitext.twiki.ui [3.0.35.201912061959]
[2020-05-09 13:25:33] Installing org.eclipse.mylyn.wikitext.ui [3.0.35.201912061959]
[2020-05-09 13:25:33] Installing org.eclipse.mylyn.wikitext_feature.feature.group [3.0.35.201912061959]
[2020-05-09 13:25:33] Installing org.eclipse.mylyn.wikitext_feature.feature.jar [3.0.35.201912061959]
[2020-05-09 13:25:33] Installing org.eclipse.mylyn_feature.feature.group [3.24.2.v20180905-0003]
[2020-05-09 13:25:33] Installing org.eclipse.mylyn_feature.feature.jar [3.24.2.v20180905-0003]
[2020-05-09 13:25:33] Installing org.eclipse.nebula.widgets.tablecombo [1.2.0.202004170724]
[2020-05-09 13:25:33] Installing org.eclipse.oomph.base [1.13.0.v20200203-0955]
[2020-05-09 13:25:33] Installing org.eclipse.oomph.base.edit [1.12.0.v20190702-1454]
[2020-05-09 13:25:33] Installing org.eclipse.oomph.extractor.lib [1.7.0.v20191111-0627]
[2020-05-09 13:25:33] Installing org.eclipse.oomph.jreinfo [1.12.0.v20191228-0803]
[2020-05-09 13:25:33] Installing org.eclipse.oomph.jreinfo.ui [1.11.0.v20191006-0741]
[2020-05-09 13:25:33] Installing org.eclipse.oomph.jreinfo.win32.x86_64 [1.7.0.v20191107-1011]
[2020-05-09 13:25:33] Installing org.eclipse.oomph.p2 [1.13.0.v20200403-0525]
[2020-05-09 13:25:33] Installing org.eclipse.oomph.p2.core [1.16.0.v20200405-0717]
[2020-05-09 13:25:33] Installing org.eclipse.oomph.p2.doc [1.11.0.v20200204-0711]
[2020-05-09 13:25:33] Installing org.eclipse.oomph.p2.edit [1.13.0.v20200403-0525]
[2020-05-09 13:25:33] Installing org.eclipse.oomph.p2.feature.group [1.16.0.v20200405-0717]
[2020-05-09 13:25:33] Installing org.eclipse.oomph.p2.feature.jar [1.16.0.v20200405-0717]
[2020-05-09 13:25:33] Installing org.eclipse.oomph.p2.ui [1.13.0.v20200226-1838]
[2020-05-09 13:25:33] Installing org.eclipse.oomph.predicates [1.11.0.v20190920-0437]
[2020-05-09 13:25:33] Installing org.eclipse.oomph.predicates.edit [1.10.0.v20180706-1242]
[2020-05-09 13:25:33] Installing org.eclipse.oomph.preferences [1.11.0.v20190920-0437]
[2020-05-09 13:25:33] Installing org.eclipse.oomph.resources [1.13.0.v20200409-0806]
[2020-05-09 13:25:33] Installing org.eclipse.oomph.resources.edit [1.10.0.v20180706-1242]
[2020-05-09 13:25:33] Installing org.eclipse.oomph.setup [1.16.0.v20200309-0628]
[2020-05-09 13:25:33] Installing org.eclipse.oomph.setup.core [1.17.0.v20200412-0914]
[2020-05-09 13:25:33] Installing org.eclipse.oomph.setup.core.feature.group [1.17.0.v20200412-0914]
[2020-05-09 13:25:33] Installing org.eclipse.oomph.setup.core.feature.jar [1.17.0.v20200412-0914]
[2020-05-09 13:25:33] Installing org.eclipse.oomph.setup.doc [1.11.0.v20200204-0711]
[2020-05-09 13:25:33] Installing org.eclipse.oomph.setup.edit [1.14.0.v20190704-1252]
[2020-05-09 13:25:33] Installing org.eclipse.oomph.setup.editor [1.17.0.v20200412-0914]
[2020-05-09 13:25:33] Installing org.eclipse.oomph.setup.feature.group [1.17.0.v20200506-0902]
[2020-05-09 13:25:33] Installing org.eclipse.oomph.setup.feature.jar [1.17.0.v20200506-0902]
[2020-05-09 13:25:33] Installing org.eclipse.oomph.setup.git [1.17.0.v20200506-0902]
[2020-05-09 13:25:33] Installing org.eclipse.oomph.setup.git.edit [1.11.0.v20200506-0902]
[2020-05-09 13:25:33] Installing org.eclipse.oomph.setup.git.feature.group [1.17.0.v20200506-0902]
[2020-05-09 13:25:33] Installing org.eclipse.oomph.setup.git.feature.jar [1.17.0.v20200506-0902]
[2020-05-09 13:25:33] Installing org.eclipse.oomph.setup.p2 [1.15.0.v20200404-0507]
[2020-05-09 13:25:33] Installing org.eclipse.oomph.setup.p2.edit [1.12.0.v20200202-1112]
[2020-05-09 13:25:33] Installing org.eclipse.oomph.setup.projects [1.12.0.v20200102-1304]
[2020-05-09 13:25:33] Installing org.eclipse.oomph.setup.projects.edit [1.11.0.v20200102-1304]
[2020-05-09 13:25:33] Installing org.eclipse.oomph.setup.projects.feature.group [1.13.0.v20200102-1304]
[2020-05-09 13:25:33] Installing org.eclipse.oomph.setup.projects.feature.jar [1.13.0.v20200102-1304]
[2020-05-09 13:25:33] Installing org.eclipse.oomph.setup.sync [1.12.0.v20200203-0955]
[2020-05-09 13:25:33] Installing org.eclipse.oomph.setup.ui [1.17.0.v20200506-0902]
[2020-05-09 13:25:33] Installing org.eclipse.oomph.setup.ui.questionnaire [1.11.0.v20200407-0508]
[2020-05-09 13:25:33] Installing org.eclipse.oomph.ui [1.14.0.v20200407-0508]
[2020-05-09 13:25:33] Installing org.eclipse.oomph.util [1.14.0.v20200319-1415]
[2020-05-09 13:25:33] Installing org.eclipse.oomph.workingsets [1.10.0.v20180706-1242]
[2020-05-09 13:25:33] Installing org.eclipse.oomph.workingsets.edit [1.10.0.v20180706-1242]
[2020-05-09 13:25:33] Installing org.eclipse.oomph.workingsets.editor [1.11.0.v20190929-1544]
[2020-05-09 13:25:33] Installing org.eclipse.osgi [3.15.100.v20191114-1701]
[2020-05-09 13:25:33] Installing org.eclipse.osgi.compatibility.state [1.1.600.v20190814-1451]
[2020-05-09 13:25:33] Installing org.eclipse.osgi.services [3.8.0.v20190206-2147]
[2020-05-09 13:25:33] Installing org.eclipse.osgi.util [3.5.300.v20190708-1141]
[2020-05-09 13:25:33] Installing org.eclipse.pde [3.13.800.v20191210-0610]
[2020-05-09 13:25:33] Installing org.eclipse.pde.api.tools [1.1.1000.v20191113-1255]
[2020-05-09 13:25:33] Installing org.eclipse.pde.api.tools.annotations [1.1.400.v20190929-1236]
[2020-05-09 13:25:33] Installing org.eclipse.pde.api.tools.ui [1.1.900.v20191115-2141]
[2020-05-09 13:25:33] Installing org.eclipse.pde.build [3.10.600.v20191011-0535]
[2020-05-09 13:25:33] Installing org.eclipse.pde.core [3.13.200.v20191202-2135]
[2020-05-09 13:25:33] Installing org.eclipse.pde.doc.user [3.14.600.v20191204-0828]
[2020-05-09 13:25:33] Installing org.eclipse.pde.ds.annotations [1.1.600.v20190929-1236]
[2020-05-09 13:25:33] Installing org.eclipse.pde.ds.core [1.1.700.v20191011-0635]
[2020-05-09 13:25:33] Installing org.eclipse.pde.ds.lib [1.1.400.v20191119-0943]
[2020-05-09 13:25:33] Installing org.eclipse.pde.ds.ui [1.1.700.v20190807-1130]
[2020-05-09 13:25:33] Installing org.eclipse.pde.ds1_2.lib [1.0.400.v20191119-0943]
[2020-05-09 13:25:33] Installing org.eclipse.pde.feature.group [3.14.200.v20191210-0610]
[2020-05-09 13:25:33] Installing org.eclipse.pde.feature.jar [3.14.200.v20191210-0610]
[2020-05-09 13:25:33] Installing org.eclipse.pde.genericeditor.extension [1.0.600.v20191107-0648]
[2020-05-09 13:25:33] Installing org.eclipse.pde.junit.runtime [3.5.600.v20191105-0947]
[2020-05-09 13:25:33] Installing org.eclipse.pde.launching [3.8.0.v20191112-0655]
[2020-05-09 13:25:33] Installing org.eclipse.pde.runtime [3.6.700.v20191107-0634]
[2020-05-09 13:25:33] Installing org.eclipse.pde.ua.core [1.1.400.v20190929-1236]
[2020-05-09 13:25:33] Installing org.eclipse.pde.ua.ui [1.1.700.v20191011-0551]
[2020-05-09 13:25:33] Installing org.eclipse.pde.ui [3.11.200.v20191112-0626]
[2020-05-09 13:25:33] Installing org.eclipse.pde.ui.templates [3.6.800.v20191003-1016]
[2020-05-09 13:25:33] Installing org.eclipse.platform [4.14.0.v20191210-0610]
[2020-05-09 13:25:33] Installing org.eclipse.platform.doc.user [4.14.0.v20191204-0828]
[2020-05-09 13:25:33] Installing org.eclipse.platform.feature.group [4.14.0.v20191210-0610]
[2020-05-09 13:25:33] Installing org.eclipse.platform.feature.jar [4.14.0.v20191210-0610]
[2020-05-09 13:25:33] Installing org.eclipse.platform.ide [4.14.0.I20191210-0610]
[2020-05-09 13:25:33] Installing org.eclipse.platform.ide.executable.win32.win32.x86_64 [4.14.0.I20191210-0610]
[2020-05-09 13:25:33] Installing org.eclipse.platform.ide.executable.win32.win32.x86_64.eclipse [4.14.0.I20191210-0610]
[2020-05-09 13:25:33] Installing org.eclipse.platform_root [4.14.0.v20191210-0610]
[2020-05-09 13:25:33] Installing org.eclipse.rcp [4.14.0.v20191210-0610]
[2020-05-09 13:25:33] Installing org.eclipse.rcp.feature.group [4.14.0.v20191210-0610]
[2020-05-09 13:25:33] Installing org.eclipse.rcp.feature.jar [4.14.0.v20191210-0610]
[2020-05-09 13:25:33] Installing org.eclipse.rcp_root [4.14.0.v20191210-0610]
[2020-05-09 13:25:33] Installing org.eclipse.search [3.11.800.v20191122-2108]
[2020-05-09 13:25:34] Installing org.eclipse.swt [3.113.0.v20191204-0601]
[2020-05-09 13:25:34] Installing org.eclipse.swt.win32.win32.x86_64 [3.113.0.v20191204-0601]
[2020-05-09 13:25:34] Installing org.eclipse.team.core [3.8.800.v20191122-2107]
[2020-05-09 13:25:34] Installing org.eclipse.team.genericeditor.diff.extension [1.0.500.v20190925-1021]
[2020-05-09 13:25:34] Installing org.eclipse.team.ui [3.8.700.v20191122-2107]
[2020-05-09 13:25:34] Installing org.eclipse.text [3.10.0.v20191122-2108]
[2020-05-09 13:25:34] Installing org.eclipse.text.quicksearch [1.0.100.v20191122-2108]
[2020-05-09 13:25:34] Installing org.eclipse.tm.terminal.connector.local [4.5.100.201901312304]
[2020-05-09 13:25:34] Installing org.eclipse.tm.terminal.connector.local.feature.feature.group [4.5.100.201911240504]
[2020-05-09 13:25:34] Installing org.eclipse.tm.terminal.connector.local.feature.feature.jar [4.5.100.201911240504]
[2020-05-09 13:25:34] Installing org.eclipse.tm.terminal.connector.process [4.5.100.201901312304]
[2020-05-09 13:25:34] Installing org.eclipse.tm.terminal.connector.ssh [4.5.100.201901312304]
[2020-05-09 13:25:34] Installing org.eclipse.tm.terminal.connector.ssh.feature.feature.group [4.5.100.201911240504]
[2020-05-09 13:25:34] Installing org.eclipse.tm.terminal.connector.ssh.feature.feature.jar [4.5.100.201911240504]
[2020-05-09 13:25:34] Installing org.eclipse.tm.terminal.connector.telnet [4.5.100.201901312304]
[2020-05-09 13:25:34] Installing org.eclipse.tm.terminal.connector.telnet.feature.feature.group [4.5.100.201911240504]
[2020-05-09 13:25:34] Installing org.eclipse.tm.terminal.connector.telnet.feature.feature.jar [4.5.100.201911240504]
[2020-05-09 13:25:34] Installing org.eclipse.tm.terminal.control [4.5.102.201907171153]
[2020-05-09 13:25:34] Installing org.eclipse.tm.terminal.control.feature.feature.group [4.5.102.201911240504]
[2020-05-09 13:25:34] Installing org.eclipse.tm.terminal.control.feature.feature.jar [4.5.102.201911240504]
[2020-05-09 13:25:34] Installing org.eclipse.tm.terminal.feature.feature.group [4.5.200.201911240504]
[2020-05-09 13:25:34] Installing org.eclipse.tm.terminal.feature.feature.jar [4.5.200.201911240504]
[2020-05-09 13:25:34] Installing org.eclipse.tm.terminal.view.core [4.5.100.201901312304]
[2020-05-09 13:25:34] Installing org.eclipse.tm.terminal.view.feature.feature.group [4.5.200.201911240504]
[2020-05-09 13:25:34] Installing org.eclipse.tm.terminal.view.feature.feature.jar [4.5.200.201911240504]
[2020-05-09 13:25:34] Installing org.eclipse.tm.terminal.view.ui [4.5.200.201911231043]
[2020-05-09 13:25:34] Installing org.eclipse.tools.layout.spy [1.0.400.v20190709-0901]
[2020-05-09 13:25:34] Installing org.eclipse.ui [3.115.0.v20191127-1056]
[2020-05-09 13:25:34] Installing org.eclipse.ui.browser [3.6.600.v20191122-2109]
[2020-05-09 13:25:34] Installing org.eclipse.ui.cheatsheets [3.5.600.v20191123-0656]
[2020-05-09 13:25:34] Installing org.eclipse.ui.console [3.9.0.v20191126-0912]
[2020-05-09 13:25:34] Installing org.eclipse.ui.editors [3.13.0.v20191203-1122]
[2020-05-09 13:25:34] Installing org.eclipse.ui.externaltools [3.4.500.v20191025-1523]
[2020-05-09 13:25:34] Installing org.eclipse.ui.forms [3.8.200.v20191114-0830]
[2020-05-09 13:25:34] Installing org.eclipse.ui.genericeditor [1.1.600.v20191114-0832]
[2020-05-09 13:25:34] Installing org.eclipse.ui.ide [3.16.100.v20191122-2109]
[2020-05-09 13:25:34] Installing org.eclipse.ui.ide.application [1.3.500.v20191122-2109]
[2020-05-09 13:25:34] Installing org.eclipse.ui.intro [3.5.800.v20191123-0656]
[2020-05-09 13:25:34] Installing org.eclipse.ui.intro.quicklinks [1.0.400.v20191119-0804]
[2020-05-09 13:25:34] Installing org.eclipse.ui.intro.universal [3.3.700.v20191025-0657]
[2020-05-09 13:25:34] Installing org.eclipse.ui.monitoring [1.1.600.v20191106-1253]
[2020-05-09 13:25:34] Installing org.eclipse.ui.navigator [3.9.100.v20191122-2109]
[2020-05-09 13:25:34] Installing org.eclipse.ui.navigator.resources [3.7.100.v20191209-1336]
[2020-05-09 13:25:34] Installing org.eclipse.ui.net [1.3.600.v20190925-1021]
[2020-05-09 13:25:34] Installing org.eclipse.ui.themes [1.2.800.v20191127-1314]
[2020-05-09 13:25:34] Installing org.eclipse.ui.trace [1.1.700.v20191105-1619]
[2020-05-09 13:25:34] Installing org.eclipse.ui.views [3.10.100.v20191114-0830]
[2020-05-09 13:25:34] Installing org.eclipse.ui.views.log [1.2.900.v20191122-2109]
[2020-05-09 13:25:34] Installing org.eclipse.ui.views.properties.tabbed [3.8.700.v20191113-0939]
[2020-05-09 13:25:34] Installing org.eclipse.ui.win32 [3.4.300.v20190926-0808]
[2020-05-09 13:25:34] Installing org.eclipse.ui.workbench [3.117.0.v20191126-1131]
[2020-05-09 13:25:34] Installing org.eclipse.ui.workbench.texteditor [3.14.0.v20191122-2108]
[2020-05-09 13:25:34] Installing org.eclipse.update.configurator [3.4.400.v20191122-2102]
[2020-05-09 13:25:34] Installing org.eclipse.urischeme [1.0.500.v20191122-2109]
[2020-05-09 13:25:34] Installing org.eclipse.userstorage [1.2.0.v20190307-0457]
[2020-05-09 13:25:34] Installing org.eclipse.userstorage.oauth [1.1.0.v20190307-0457]
[2020-05-09 13:25:34] Installing org.eclipse.userstorage.ui [1.1.0.v20190307-0457]
[2020-05-09 13:25:34] Installing org.eclipse.wst.common.core [1.3.0.v201903222010]
[2020-05-09 13:25:34] Installing org.eclipse.wst.common.emf [1.2.600.v201903222010]
[2020-05-09 13:25:34] Installing org.eclipse.wst.common.emfworkbench.integration [1.2.101.v201903222010]
[2020-05-09 13:25:34] Installing org.eclipse.wst.common.environment [1.0.400.v201903222010]
[2020-05-09 13:25:34] Installing org.eclipse.wst.common.frameworks [1.2.201.v201903222010]
[2020-05-09 13:25:34] Installing org.eclipse.wst.common.frameworks.ui [1.2.400.v201903222010]
[2020-05-09 13:25:34] Installing org.eclipse.wst.common.infopop [1.0.300.v201903222010]
[2020-05-09 13:25:34] Installing org.eclipse.wst.common.modulecore [1.3.100.v201903222010]
[2020-05-09 13:25:34] Installing org.eclipse.wst.common.modulecore.ui [1.0.301.v201903222010]
[2020-05-09 13:25:34] Installing org.eclipse.wst.common.project.facet.core [1.4.400.v201903222010]
[2020-05-09 13:25:34] Installing org.eclipse.wst.common.snippets [1.2.500.v201811170421]
[2020-05-09 13:25:34] Installing org.eclipse.wst.common.ui [1.1.700.v201905071717]
[2020-05-09 13:25:34] Installing org.eclipse.wst.common.uriresolver [1.2.300.v201903222010]
[2020-05-09 13:25:34] Installing org.eclipse.wst.common_core.feature.feature.group [3.10.100.v201904082145]
[2020-05-09 13:25:34] Installing org.eclipse.wst.common_core.feature.feature.jar [3.10.100.v201904082145]
[2020-05-09 13:25:34] Installing org.eclipse.wst.common_ui.feature.feature.group [3.11.0.v201905071717]
[2020-05-09 13:25:34] Installing org.eclipse.wst.common_ui.feature.feature.jar [3.11.0.v201905071717]
[2020-05-09 13:25:34] Installing org.eclipse.wst.dtd.core [1.2.0.v201903222120]
[2020-05-09 13:25:34] Installing org.eclipse.wst.dtd.ui [1.1.200.v201904272112]
[2020-05-09 13:25:34] Installing org.eclipse.wst.dtd.ui.infopop [1.0.400.v201903222120]
[2020-05-09 13:25:34] Installing org.eclipse.wst.dtdeditor.doc.user [1.1.0.v201903222120]
[2020-05-09 13:25:34] Installing org.eclipse.wst.internet.cache [1.0.800.v201903222010]
[2020-05-09 13:25:34] Installing org.eclipse.wst.sse.core [1.2.100.v201901310548]
[2020-05-09 13:25:34] Installing org.eclipse.wst.sse.doc.user [1.2.0.v201903222120]
[2020-05-09 13:25:34] Installing org.eclipse.wst.sse.ui [1.6.200.v201911262138]
[2020-05-09 13:25:34] Installing org.eclipse.wst.sse.ui.infopop [1.0.300.v201903222120]
[2020-05-09 13:25:34] Installing org.eclipse.wst.standard.schemas [1.0.800.v201901071922]
[2020-05-09 13:25:34] Installing org.eclipse.wst.validation [1.2.800.v201904082137]
[2020-05-09 13:25:34] Installing org.eclipse.wst.validation.infopop [1.0.300.v201903222010]
[2020-05-09 13:25:34] Installing org.eclipse.wst.validation.ui [1.2.600.v201903222010]
[2020-05-09 13:25:34] Installing org.eclipse.wst.xml.core [1.2.200.v201911262147]
[2020-05-09 13:25:34] Installing org.eclipse.wst.xml.ui [1.2.300.v201904272112]
[2020-05-09 13:25:34] Installing org.eclipse.wst.xml.ui.infopop [1.0.400.v201903222120]
[2020-05-09 13:25:34] Installing org.eclipse.wst.xml_core.feature.feature.group [3.16.0.v201911262147]
[2020-05-09 13:25:34] Installing org.eclipse.wst.xml_core.feature.feature.jar [3.16.0.v201911262147]
[2020-05-09 13:25:34] Installing org.eclipse.wst.xml_ui.feature.feature.group [3.16.0.v201911262138]
[2020-05-09 13:25:34] Installing org.eclipse.wst.xml_ui.feature.feature.jar [3.16.0.v201911262138]
[2020-05-09 13:25:34] Installing org.eclipse.wst.xml_userdoc.feature.feature.group [3.16.0.v201909302219]
[2020-05-09 13:25:34] Installing org.eclipse.wst.xml_userdoc.feature.feature.jar [3.16.0.v201909302219]
[2020-05-09 13:25:34] Installing org.eclipse.wst.xmleditor.doc.user [1.1.0.v201903222120]
[2020-05-09 13:25:34] Installing org.eclipse.wst.xsd.core [1.2.0.v201901071922]
[2020-05-09 13:25:34] Installing org.eclipse.wst.xsd.ui [1.3.300.v201904272112]
[2020-05-09 13:25:34] Installing org.eclipse.wst.xsdeditor.doc.user [1.0.800.v201903222120]
[2020-05-09 13:25:34] Installing org.eclipse.xsd [2.17.0.v20191117-1035]
[2020-05-09 13:25:34] Installing org.eclipse.xsd.edit [2.10.0.v20180706-1143]
[2020-05-09 13:25:34] Installing org.eclipse.xtend.lib [2.20.0.v20191202-0907]
[2020-05-09 13:25:34] Installing org.eclipse.xtend.lib.macro [2.20.0.v20191202-0907]
[2020-05-09 13:25:34] Installing org.eclipse.xtext [2.20.0.v20191202-0915]
[2020-05-09 13:25:34] Installing org.eclipse.xtext.builder [2.20.0.v20191202-1016]
[2020-05-09 13:25:34] Installing org.eclipse.xtext.common.types [2.20.0.v20191202-0933]
[2020-05-09 13:25:34] Installing org.eclipse.xtext.common.types.edit [2.20.0.v20191202-1016]
[2020-05-09 13:25:34] Installing org.eclipse.xtext.common.types.ui [2.20.0.v20191202-1016]
[2020-05-09 13:25:34] Installing org.eclipse.xtext.ide [2.20.0.v20191202-0915]
[2020-05-09 13:25:34] Installing org.eclipse.xtext.smap [2.20.0.v20191202-0933]
[2020-05-09 13:25:34] Installing org.eclipse.xtext.ui [2.20.0.v20191202-1016]
[2020-05-09 13:25:34] Installing org.eclipse.xtext.ui.codetemplates [2.20.0.v20191202-1016]
[2020-05-09 13:25:34] Installing org.eclipse.xtext.ui.codetemplates.ide [2.20.0.v20191202-1016]
[2020-05-09 13:25:34] Installing org.eclipse.xtext.ui.codetemplates.ui [2.20.0.v20191202-1016]
[2020-05-09 13:25:34] Installing org.eclipse.xtext.ui.shared [2.20.0.v20191202-1016]
[2020-05-09 13:25:34] Installing org.eclipse.xtext.util [2.20.0.v20191202-0915]
[2020-05-09 13:25:34] Installing org.eclipse.xtext.xbase.lib [2.20.0.v20191202-0907]
[2020-05-09 13:25:34] Installing org.hamcrest.core [1.3.0.v20180420-1519]
[2020-05-09 13:25:34] Installing org.jsoup [1.8.3.v20181012-1713]
[2020-05-09 13:25:34] Installing org.junit [4.12.0.v201504281640]
[2020-05-09 13:25:34] Installing org.junit.jupiter.api [5.5.1.v20190826-0900]
[2020-05-09 13:25:34] Installing org.junit.jupiter.engine [5.5.1.v20190826-0900]
[2020-05-09 13:25:34] Installing org.junit.jupiter.migrationsupport [5.5.1.v20190826-0900]
[2020-05-09 13:25:34] Installing org.junit.jupiter.params [5.5.1.v20190826-0900]
[2020-05-09 13:25:34] Installing org.junit.platform.commons [1.5.1.v20190826-0900]
[2020-05-09 13:25:34] Installing org.junit.platform.engine [1.5.1.v20190826-0900]
[2020-05-09 13:25:34] Installing org.junit.platform.launcher [1.5.1.v20190826-0900]
[2020-05-09 13:25:34] Installing org.junit.platform.runner [1.5.1.v20190826-0900]
[2020-05-09 13:25:34] Installing org.junit.platform.suite.api [1.5.1.v20190826-0900]
[2020-05-09 13:25:34] Installing org.junit.vintage.engine [5.5.1.v20190826-0900]
[2020-05-09 13:25:34] Installing org.maven.ide.eclipse [1.14.0.20191209-1925]
[2020-05-09 13:25:34] Installing org.objectweb.asm [7.2.0.v20191010-1910]
[2020-05-09 13:25:34] Installing org.objectweb.asm.tree [7.2.0.v20191010-1910]
[2020-05-09 13:25:34] Installing org.opentest4j [1.2.0.v20190826-0900]
[2020-05-09 13:25:34] Installing org.sat4j.core [2.3.5.v201308161310]
[2020-05-09 13:25:34] Installing org.sat4j.pb [2.3.5.v201404071733]
[2020-05-09 13:25:34] Installing org.slf4j.api [1.7.2.v20121108-1250]
[2020-05-09 13:25:34] Installing org.slf4j.impl.log4j12 [1.7.2.v20131105-2200]
[2020-05-09 13:25:34] Installing org.tukaani.xz [1.8.0.v20180207-1613]
[2020-05-09 13:25:34] Installing org.w3c.css.sac [1.3.1.v200903091627]
[2020-05-09 13:25:34] Installing org.w3c.dom.events [3.0.0.draft20060413_v201105210656]
[2020-05-09 13:25:34] Installing org.w3c.dom.smil [1.0.1.v200903091627]
[2020-05-09 13:25:34] Installing org.w3c.dom.svg [1.1.0.v201011041433]
[2020-05-09 13:25:34] Installing tooling.org.eclipse.update.feature.default [1.0.0]
[2020-05-09 13:25:34] Installing tooling.osgi.bundle.default [1.0.0]
[2020-05-09 13:25:34] Installing tooling.source.default [1.0.0]
[2020-05-09 13:25:34] Installing toolingorg.eclipse.equinox.launcher [1.5.600.v20191014-2022]
[2020-05-09 13:25:34] Installing toolingorg.eclipse.equinox.launcher.win32.win32.x86_64 [1.1.1100.v20190907-0426]
[2020-05-09 13:25:34] Installing toolingorg.eclipse.platform.configuration [1.0.0]
[2020-05-09 13:25:34] Installing toolingorg.eclipse.platform.ide.application [4.14.0.I20191210-0610]
[2020-05-09 13:25:34] Installing toolingorg.eclipse.platform.ide.config.win32.win32.x86_64 [4.14.0.I20191210-0610]
[2020-05-09 13:25:34] Installing toolingorg.eclipse.platform.ide.configuration [4.14.0.I20191210-0610]
[2020-05-09 13:25:34] Installing toolingorg.eclipse.platform.ide.executable.win32.win32.x86_64 [4.14.0.I20191210-0610]
[2020-05-09 13:25:34] Installing toolingorg.eclipse.platform.ide.ini.win32.win32.x86_64 [4.14.0.I20191210-0610]
[2020-05-09 13:25:34] Installing toolingwin32.win32.x86_64org.apache.felix.scr [4.14.0.I20191210-0610]
[2020-05-09 13:25:34] Installing toolingwin32.win32.x86_64org.eclipse.core.runtime [4.14.0.I20191210-0610]
[2020-05-09 13:25:34] Installing toolingwin32.win32.x86_64org.eclipse.equinox.common [4.14.0.I20191210-0610]
[2020-05-09 13:25:34] Installing toolingwin32.win32.x86_64org.eclipse.equinox.event [4.14.0.I20191210-0610]
[2020-05-09 13:25:34] Installing toolingwin32.win32.x86_64org.eclipse.equinox.p2.reconciler.dropins [4.14.0.I20191210-0610]
[2020-05-09 13:25:34] Installing toolingwin32.win32.x86_64org.eclipse.equinox.simpleconfigurator [4.14.0.I20191210-0610]
[2020-05-09 13:25:34] Preparing to commit the provisioning operation.
[2020-05-09 13:25:34] Committing the provisioning operation.
[2020-05-09 13:25:37] Performing Eclipse Ini --launcher.appendVmargs
[2020-05-09 13:25:37] Performing Eclipse Ini -Declipse.p2.max.threads=10
[2020-05-09 13:25:37] Changing C:\Users\andre\Desktop\Github projects\TDT4100---practices\tdt4100-v2020-master\eclipse\eclipse.ini (-Declipse.p2.max.threads=10)
[2020-05-09 13:25:37] Performing Eclipse Ini -Doomph.update.url=http://download.eclipse.org/oomph/updates/milestone/latest
[2020-05-09 13:25:37] Changing C:\Users\andre\Desktop\Github projects\TDT4100---practices\tdt4100-v2020-master\eclipse\eclipse.ini (-Doomph.update.url=http://download.eclipse.org/oomph/updates/milestone/latest)
[2020-05-09 13:25:37] Performing Eclipse Ini -Doomph.redirection.index.redirection=index:/->http://git.eclipse.org/c/oomph/org.eclipse.oomph.git/plain/setups/
[2020-05-09 13:25:37] Changing C:\Users\andre\Desktop\Github projects\TDT4100---practices\tdt4100-v2020-master\eclipse\eclipse.ini (-Doomph.redirection.index.redirection=index:/->http://git.eclipse.org/c/oomph/org.eclipse.oomph.git/plain/setups/)
[2020-05-09 13:25:37] Performing Resource Creation configuration:/.settings/org.eclipse.ui.ide.prefs
[2020-05-09 13:25:37] Creating file:/C:/Users/andre/Desktop/Github%20projects/TDT4100---practices/tdt4100-v2020-master/eclipse/configuration/.settings/org.eclipse.ui.ide.prefs
[2020-05-09 13:25:37] Performing Text Modify configuration:/config.ini
[2020-05-09 13:25:37] Modifying file:/C:/Users/andre/Desktop/Github%20projects/TDT4100---practices/tdt4100-v2020-master/eclipse/configuration/config.ini
[2020-05-09 13:25:37] Performing post bootstrap tasks
[2020-05-09 13:25:37] 
[2020-05-09 13:25:37] Launching the installed product...
[2020-05-09 13:26:59] Executing startup tasks
[2020-05-09 13:26:59] OpenJDK Runtime Environment 13.0.1+9
[2020-05-09 13:26:59] Product user.products.tdt4100.2019-12
[2020-05-09 13:26:59] Workspace C:\Users\andre\Desktop\Github projects\TDT4100---practices\tdt4100-v2020-master\ws
[2020-05-09 13:26:59] Project com.github.user.project.tdt4100-v2020.master
[2020-05-09 13:26:59] Bundle org.eclipse.oomph.setup 1.16.0.v20200309-0628, build=4616, branch=b46c17610e935ea3d9158e0a05bc8108062dcbd8
[2020-05-09 13:26:59] Bundle org.eclipse.oomph.setup.core 1.17.0.v20200412-0914, build=4616, branch=b46c17610e935ea3d9158e0a05bc8108062dcbd8
[2020-05-09 13:26:59] Bundle org.eclipse.oomph.setup.git 1.17.0.v20200506-0902, build=4640, branch=001feebc93194648ab47a3cb1d2c5b2155dec6c9
[2020-05-09 13:26:59] Bundle org.eclipse.oomph.setup.p2 1.15.0.v20200404-0507, build=4616, branch=b46c17610e935ea3d9158e0a05bc8108062dcbd8
[2020-05-09 13:26:59] Bundle org.eclipse.oomph.setup.projects 1.12.0.v20200102-1304, build=4616, branch=b46c17610e935ea3d9158e0a05bc8108062dcbd8
[2020-05-09 13:26:59] Performing Git Clone https://gitlab.stud.idi.ntnu.no/tdt4100/v2020/students.git  (master)
[2020-05-09 13:26:59] Cloning Git repo https://gitlab.stud.idi.ntnu.no/tdt4100/v2020/students.git to C:\Users\andre\Desktop\Github projects\TDT4100---practices\tdt4100-v2020-master\git\tdt4100-v2020-students
[2020-05-09 13:27:00] Receiving objects
[2020-05-09 13:27:00] Receiving objects:         0% (   1/2579)
[2020-05-09 13:27:00] Receiving objects:         1% (  26/2579)
[2020-05-09 13:27:00] Receiving objects:         2% (  52/2579)
[2020-05-09 13:27:00] Receiving objects:         3% (  78/2579)
[2020-05-09 13:27:00] Receiving objects:         4% ( 104/2579)
[2020-05-09 13:27:00] Receiving objects:         5% ( 129/2579)
[2020-05-09 13:27:00] Receiving objects:         6% ( 155/2579)
[2020-05-09 13:27:00] Receiving objects:         7% ( 181/2579)
[2020-05-09 13:27:00] Receiving objects:         8% ( 207/2579)
[2020-05-09 13:27:00] Receiving objects:         9% ( 233/2579)
[2020-05-09 13:27:00] Receiving objects:        10% ( 258/2579)
[2020-05-09 13:27:00] Receiving objects:        11% ( 284/2579)
[2020-05-09 13:27:00] Receiving objects:        12% ( 310/2579)
[2020-05-09 13:27:00] Receiving objects:        13% ( 336/2579)
[2020-05-09 13:27:00] Receiving objects:        14% ( 362/2579)
[2020-05-09 13:27:00] Receiving objects:        15% ( 387/2579)
[2020-05-09 13:27:00] Receiving objects:        16% ( 413/2579)
[2020-05-09 13:27:00] Receiving objects:        17% ( 439/2579)
[2020-05-09 13:27:00] Receiving objects:        18% ( 465/2579)
[2020-05-09 13:27:00] Receiving objects:        19% ( 491/2579)
[2020-05-09 13:27:00] Receiving objects:        20% ( 516/2579)
[2020-05-09 13:27:00] Receiving objects:        21% ( 542/2579)
[2020-05-09 13:27:00] Receiving objects:        22% ( 568/2579)
[2020-05-09 13:27:00] Receiving objects:        23% ( 594/2579)
[2020-05-09 13:27:00] Receiving objects:        24% ( 619/2579)
[2020-05-09 13:27:00] Receiving objects:        25% ( 645/2579)
[2020-05-09 13:27:00] Receiving objects:        26% ( 671/2579)
[2020-05-09 13:27:00] Receiving objects:        27% ( 697/2579)
[2020-05-09 13:27:00] Receiving objects:        28% ( 723/2579)
[2020-05-09 13:27:00] Receiving objects:        29% ( 748/2579)
[2020-05-09 13:27:00] Receiving objects:        30% ( 774/2579)
[2020-05-09 13:27:00] Receiving objects:        31% ( 800/2579)
[2020-05-09 13:27:00] Receiving objects:        32% ( 826/2579)
[2020-05-09 13:27:00] Receiving objects:        33% ( 852/2579)
[2020-05-09 13:27:00] Receiving objects:        34% ( 877/2579)
[2020-05-09 13:27:00] Receiving objects:        35% ( 903/2579)
[2020-05-09 13:27:00] Receiving objects:        36% ( 929/2579)
[2020-05-09 13:27:00] Receiving objects:        37% ( 955/2579)
[2020-05-09 13:27:00] Receiving objects:        38% ( 981/2579)
[2020-05-09 13:27:00] Receiving objects:        39% (1006/2579)
[2020-05-09 13:27:00] Receiving objects:        40% (1032/2579)
[2020-05-09 13:27:00] Receiving objects:        41% (1058/2579)
[2020-05-09 13:27:00] Receiving objects:        42% (1084/2579)
[2020-05-09 13:27:00] Receiving objects:        43% (1109/2579)
[2020-05-09 13:27:00] Receiving objects:        44% (1135/2579)
[2020-05-09 13:27:00] Receiving objects:        45% (1161/2579)
[2020-05-09 13:27:00] Receiving objects:        46% (1187/2579)
[2020-05-09 13:27:00] Receiving objects:        47% (1213/2579)
[2020-05-09 13:27:00] Receiving objects:        48% (1238/2579)
[2020-05-09 13:27:00] Receiving objects:        49% (1264/2579)
[2020-05-09 13:27:00] Receiving objects:        50% (1290/2579)
[2020-05-09 13:27:00] Receiving objects:        51% (1316/2579)
[2020-05-09 13:27:00] Receiving objects:        52% (1342/2579)
[2020-05-09 13:27:00] Receiving objects:        53% (1367/2579)
[2020-05-09 13:27:00] Receiving objects:        54% (1393/2579)
[2020-05-09 13:27:00] Receiving objects:        55% (1419/2579)
[2020-05-09 13:27:00] Receiving objects:        56% (1445/2579)
[2020-05-09 13:27:00] Receiving objects:        57% (1471/2579)
[2020-05-09 13:27:00] Receiving objects:        58% (1496/2579)
[2020-05-09 13:27:00] Receiving objects:        59% (1522/2579)
[2020-05-09 13:27:00] Receiving objects:        60% (1548/2579)
[2020-05-09 13:27:00] Receiving objects:        61% (1574/2579)
[2020-05-09 13:27:00] Receiving objects:        62% (1599/2579)
[2020-05-09 13:27:00] Receiving objects:        63% (1625/2579)
[2020-05-09 13:27:00] Receiving objects:        64% (1651/2579)
[2020-05-09 13:27:00] Receiving objects:        65% (1677/2579)
[2020-05-09 13:27:00] Receiving objects:        66% (1703/2579)
[2020-05-09 13:27:00] Receiving objects:        67% (1728/2579)
[2020-05-09 13:27:00] Receiving objects:        68% (1754/2579)
[2020-05-09 13:27:00] Receiving objects:        69% (1780/2579)
[2020-05-09 13:27:00] Receiving objects:        70% (1806/2579)
[2020-05-09 13:27:00] Receiving objects:        71% (1832/2579)
[2020-05-09 13:27:00] Receiving objects:        72% (1857/2579)
[2020-05-09 13:27:00] Receiving objects:        73% (1883/2579)
[2020-05-09 13:27:00] Receiving objects:        74% (1909/2579)
[2020-05-09 13:27:00] Receiving objects:        75% (1935/2579)
[2020-05-09 13:27:00] Receiving objects:        76% (1961/2579)
[2020-05-09 13:27:00] Receiving objects:        77% (1986/2579)
[2020-05-09 13:27:00] Receiving objects:        78% (2012/2579)
[2020-05-09 13:27:00] Receiving objects:        79% (2038/2579)
[2020-05-09 13:27:00] Receiving objects:        80% (2064/2579)
[2020-05-09 13:27:00] Receiving objects:        81% (2089/2579)
[2020-05-09 13:27:00] Receiving objects:        82% (2115/2579)
[2020-05-09 13:27:00] Receiving objects:        83% (2141/2579)
[2020-05-09 13:27:00] Receiving objects:        84% (2167/2579)
[2020-05-09 13:27:00] Receiving objects:        85% (2193/2579)
[2020-05-09 13:27:00] Receiving objects:        86% (2218/2579)
[2020-05-09 13:27:00] Receiving objects:        87% (2244/2579)
[2020-05-09 13:27:00] Receiving objects:        88% (2270/2579)
[2020-05-09 13:27:00] Receiving objects:        89% (2296/2579)
[2020-05-09 13:27:00] Receiving objects:        90% (2322/2579)
[2020-05-09 13:27:00] Receiving objects:        91% (2347/2579)
[2020-05-09 13:27:00] Receiving objects:        92% (2373/2579)
[2020-05-09 13:27:00] Receiving objects:        93% (2399/2579)
[2020-05-09 13:27:00] Receiving objects:        94% (2425/2579)
[2020-05-09 13:27:00] Receiving objects:        95% (2451/2579)
[2020-05-09 13:27:00] Receiving objects:        96% (2476/2579)
[2020-05-09 13:27:00] Receiving objects:        97% (2502/2579)
[2020-05-09 13:27:00] Receiving objects:        98% (2528/2579)
[2020-05-09 13:27:00] Receiving objects:        99% (2554/2579)
[2020-05-09 13:27:00] Receiving objects:       100% (2579/2579)
[2020-05-09 13:27:01] Resolving deltas
[2020-05-09 13:27:01] Resolving deltas:          0% (   1/1501)
[2020-05-09 13:27:01] Resolving deltas:          1% (  16/1501)
[2020-05-09 13:27:01] Resolving deltas:          2% (  31/1501)
[2020-05-09 13:27:01] Resolving deltas:          3% (  46/1501)
[2020-05-09 13:27:01] Resolving deltas:          4% (  61/1501)
[2020-05-09 13:27:01] Resolving deltas:          5% (  76/1501)
[2020-05-09 13:27:01] Resolving deltas:          6% (  91/1501)
[2020-05-09 13:27:01] Resolving deltas:          7% ( 106/1501)
[2020-05-09 13:27:01] Resolving deltas:          8% ( 121/1501)
[2020-05-09 13:27:01] Resolving deltas:          9% ( 136/1501)
[2020-05-09 13:27:01] Resolving deltas:         10% ( 151/1501)
[2020-05-09 13:27:01] Resolving deltas:         11% ( 166/1501)
[2020-05-09 13:27:01] Resolving deltas:         12% ( 181/1501)
[2020-05-09 13:27:01] Resolving deltas:         13% ( 196/1501)
[2020-05-09 13:27:01] Resolving deltas:         14% ( 211/1501)
[2020-05-09 13:27:01] Resolving deltas:         15% ( 226/1501)
[2020-05-09 13:27:01] Resolving deltas:         16% ( 241/1501)
[2020-05-09 13:27:01] Resolving deltas:         17% ( 256/1501)
[2020-05-09 13:27:01] Resolving deltas:         18% ( 271/1501)
[2020-05-09 13:27:01] Resolving deltas:         19% ( 286/1501)
[2020-05-09 13:27:01] Resolving deltas:         20% ( 301/1501)
[2020-05-09 13:27:01] Resolving deltas:         21% ( 316/1501)
[2020-05-09 13:27:01] Resolving deltas:         22% ( 331/1501)
[2020-05-09 13:27:01] Resolving deltas:         23% ( 346/1501)
[2020-05-09 13:27:01] Resolving deltas:         24% ( 361/1501)
[2020-05-09 13:27:01] Resolving deltas:         25% ( 376/1501)
[2020-05-09 13:27:01] Resolving deltas:         26% ( 391/1501)
[2020-05-09 13:27:01] Resolving deltas:         27% ( 406/1501)
[2020-05-09 13:27:01] Resolving deltas:         28% ( 421/1501)
[2020-05-09 13:27:01] Resolving deltas:         29% ( 436/1501)
[2020-05-09 13:27:01] Resolving deltas:         30% ( 451/1501)
[2020-05-09 13:27:01] Resolving deltas:         31% ( 466/1501)
[2020-05-09 13:27:01] Resolving deltas:         32% ( 481/1501)
[2020-05-09 13:27:01] Resolving deltas:         33% ( 496/1501)
[2020-05-09 13:27:01] Resolving deltas:         34% ( 511/1501)
[2020-05-09 13:27:01] Resolving deltas:         35% ( 526/1501)
[2020-05-09 13:27:01] Resolving deltas:         36% ( 541/1501)
[2020-05-09 13:27:01] Resolving deltas:         37% ( 556/1501)
[2020-05-09 13:27:01] Resolving deltas:         38% ( 571/1501)
[2020-05-09 13:27:01] Resolving deltas:         39% ( 586/1501)
[2020-05-09 13:27:01] Resolving deltas:         40% ( 601/1501)
[2020-05-09 13:27:01] Resolving deltas:         41% ( 616/1501)
[2020-05-09 13:27:01] Resolving deltas:         42% ( 631/1501)
[2020-05-09 13:27:01] Resolving deltas:         43% ( 646/1501)
[2020-05-09 13:27:01] Resolving deltas:         44% ( 661/1501)
[2020-05-09 13:27:01] Resolving deltas:         45% ( 676/1501)
[2020-05-09 13:27:01] Resolving deltas:         46% ( 691/1501)
[2020-05-09 13:27:01] Resolving deltas:         47% ( 706/1501)
[2020-05-09 13:27:01] Resolving deltas:         48% ( 721/1501)
[2020-05-09 13:27:01] Resolving deltas:         49% ( 736/1501)
[2020-05-09 13:27:01] Resolving deltas:         50% ( 751/1501)
[2020-05-09 13:27:01] Resolving deltas:         51% ( 766/1501)
[2020-05-09 13:27:01] Resolving deltas:         52% ( 781/1501)
[2020-05-09 13:27:01] Resolving deltas:         53% ( 796/1501)
[2020-05-09 13:27:01] Resolving deltas:         54% ( 811/1501)
[2020-05-09 13:27:01] Resolving deltas:         55% ( 826/1501)
[2020-05-09 13:27:01] Resolving deltas:         56% ( 841/1501)
[2020-05-09 13:27:01] Resolving deltas:         57% ( 856/1501)
[2020-05-09 13:27:01] Resolving deltas:         58% ( 871/1501)
[2020-05-09 13:27:01] Resolving deltas:         59% ( 886/1501)
[2020-05-09 13:27:01] Resolving deltas:         60% ( 901/1501)
[2020-05-09 13:27:01] Resolving deltas:         61% ( 916/1501)
[2020-05-09 13:27:01] Resolving deltas:         62% ( 931/1501)
[2020-05-09 13:27:01] Resolving deltas:         63% ( 946/1501)
[2020-05-09 13:27:01] Resolving deltas:         64% ( 961/1501)
[2020-05-09 13:27:01] Resolving deltas:         65% ( 976/1501)
[2020-05-09 13:27:01] Resolving deltas:         66% ( 991/1501)
[2020-05-09 13:27:01] Resolving deltas:         67% (1006/1501)
[2020-05-09 13:27:01] Resolving deltas:         68% (1021/1501)
[2020-05-09 13:27:01] Resolving deltas:         69% (1036/1501)
[2020-05-09 13:27:01] Resolving deltas:         70% (1051/1501)
[2020-05-09 13:27:01] Resolving deltas:         71% (1066/1501)
[2020-05-09 13:27:01] Resolving deltas:         72% (1081/1501)
[2020-05-09 13:27:01] Resolving deltas:         73% (1096/1501)
[2020-05-09 13:27:01] Resolving deltas:         74% (1111/1501)
[2020-05-09 13:27:01] Resolving deltas:         75% (1126/1501)
[2020-05-09 13:27:01] Resolving deltas:         76% (1141/1501)
[2020-05-09 13:27:01] Resolving deltas:         77% (1156/1501)
[2020-05-09 13:27:01] Resolving deltas:         78% (1171/1501)
[2020-05-09 13:27:01] Resolving deltas:         79% (1186/1501)
[2020-05-09 13:27:01] Resolving deltas:         80% (1201/1501)
[2020-05-09 13:27:01] Resolving deltas:         81% (1216/1501)
[2020-05-09 13:27:01] Resolving deltas:         82% (1231/1501)
[2020-05-09 13:27:01] Resolving deltas:         83% (1246/1501)
[2020-05-09 13:27:01] Resolving deltas:         84% (1261/1501)
[2020-05-09 13:27:01] Resolving deltas:         85% (1276/1501)
[2020-05-09 13:27:01] Resolving deltas:         86% (1291/1501)
[2020-05-09 13:27:01] Resolving deltas:         87% (1306/1501)
[2020-05-09 13:27:01] Resolving deltas:         88% (1321/1501)
[2020-05-09 13:27:01] Resolving deltas:         89% (1336/1501)
[2020-05-09 13:27:01] Resolving deltas:         90% (1351/1501)
[2020-05-09 13:27:01] Resolving deltas:         91% (1366/1501)
[2020-05-09 13:27:01] Resolving deltas:         92% (1381/1501)
[2020-05-09 13:27:01] Resolving deltas:         93% (1396/1501)
[2020-05-09 13:27:01] Resolving deltas:         94% (1411/1501)
[2020-05-09 13:27:01] Resolving deltas:         95% (1426/1501)
[2020-05-09 13:27:01] Resolving deltas:         96% (1441/1501)
[2020-05-09 13:27:01] Resolving deltas:         97% (1456/1501)
[2020-05-09 13:27:01] Resolving deltas:         98% (1471/1501)
[2020-05-09 13:27:02] Resolving deltas:         99% (1486/1501)
[2020-05-09 13:27:02] Resolving deltas:        100% (1501/1501)
[2020-05-09 13:27:02] Setting autocrlf = true
[2020-05-09 13:27:02] Creating local branch master
[2020-05-09 13:27:08] Resetting hard
[2020-05-09 13:27:08] Performing Projects Import
[2020-05-09 13:27:08] Importing projects from C:\Users\andre\Desktop\Github projects\TDT4100---practices\tdt4100-v2020-master\git\tdt4100-v2020-students
[2020-05-09 13:27:08] Importing project minegenkode
[2020-05-09 13:27:09] Importing project ovinger
[2020-05-09 13:27:09] Importing project lf
[2020-05-09 13:27:09] Importing project foreksempel
[2020-05-09 13:27:10] 
