!SESSION 2020-05-16 08:09:47.782 -----------------------------------------------
eclipse.buildId=4.14.0.I20191210-0610
java.fullversion=13.0.1+9
JRE 13 Windows 8 amd64-64-Bit 20191031_96 (JIT enabled, AOT enabled)
OpenJ9   - 77c1cf708
OMR      - 20db4fbc
JCL      - c973c65658 based on jdk-13.0.1+9
BootLoader constants: OS=win32, ARCH=x86_64, WS=win32, NL=no_NO
Command-line arguments:  -os win32 -ws win32 -arch x86_64

!ENTRY org.eclipse.ecf.provider.filetransfer.httpclient45.win32 4 0 2020-05-16 08:09:48.591
!MESSAGE FrameworkEvent ERROR
!STACK 0
org.osgi.framework.BundleException: Could not resolve module: org.eclipse.ecf.provider.filetransfer.httpclient45.win32 [136]
  Unresolved requirement: Import-Package: org.apache.http.auth; version="[4.5.0,5.0.0)"
    -> Export-Package: org.apache.http.auth; bundle-symbolic-name="org.apache.httpcomponents.httpclient"; bundle-version="4.5.6.v20190503-0009"; version="4.5.6"; uses:="org.apache.http,org.apache.http.config,org.apache.http.params,org.apache.http.protocol,org.ietf.jgss"
       org.apache.httpcomponents.httpclient [57]
         Unresolved requirement: Import-Package: org.apache.commons.codec.binary; version="[1.10.0,1.11.0)"
  Unresolved requirement: Import-Package: org.apache.http.impl.client; version="[4.5.0,5.0.0)"
    -> Export-Package: org.apache.http.impl.client; bundle-symbolic-name="org.apache.httpcomponents.httpclient"; bundle-version="4.5.6.v20190503-0009"; version="4.5.6"; uses:="javax.net.ssl,org.apache.commons.logging,org.apache.http,org.apache.http.auth,org.apache.http.client,org.apache.http.client.config,org.apache.http.client.entity,org.apache.http.client.methods,org.apache.http.concurrent,org.apache.http.config,org.apache.http.conn,org.apache.http.conn.routing,org.apache.http.conn.socket,org.apache.http.conn.ssl,org.apache.http.conn.util,org.apache.http.cookie,org.apache.http.impl,org.apache.http.impl.auth,org.apache.http.impl.execchain,org.apache.http.message,org.apache.http.params,org.apache.http.pool,org.apache.http.protocol"
  Unresolved requirement: Import-Package: org.apache.http.client; version="[4.5.0,5.0.0)"
    -> Export-Package: org.apache.http.client; bundle-symbolic-name="org.apache.httpcomponents.httpclient"; bundle-version="4.5.6.v20190503-0009"; version="4.5.6"; uses:="org.apache.http,org.apache.http.auth,org.apache.http.client.methods,org.apache.http.conn,org.apache.http.conn.routing,org.apache.http.cookie,org.apache.http.params,org.apache.http.protocol"
  Unresolved requirement: Import-Package: org.apache.http.client.protocol; version="[4.5.0,5.0.0)"
    -> Export-Package: org.apache.http.client.protocol; bundle-symbolic-name="org.apache.httpcomponents.httpclient"; bundle-version="4.5.6.v20190503-0009"; version="4.5.6"; uses:="org.apache.http,org.apache.http.auth,org.apache.http.client,org.apache.http.client.config,org.apache.http.client.entity,org.apache.http.config,org.apache.http.conn.routing,org.apache.http.cookie,org.apache.http.protocol"
  Unresolved requirement: Import-Package: org.apache.http.impl.auth.win; version="[4.5.0,5.0.0)"
    -> Export-Package: org.apache.http.impl.auth.win; bundle-symbolic-name="org.apache.httpcomponents.httpclient.win"; bundle-version="4.5.6.v20190213-1947"; version="4.5.6"; x-internal:="true"; uses:="org.apache.http,org.apache.http.auth,org.apache.http.client,org.apache.http.impl.auth,org.apache.http.protocol,org.apache.http.util"
       org.apache.httpcomponents.httpclient.win [58]
         Unresolved requirement: Import-Package: org.apache.commons.codec.binary; version="[1.10.0,1.11.0)"
         Unresolved requirement: Import-Package: org.apache.http.client; version="[4.5.6,4.6.0)"
           -> Export-Package: org.apache.http.client; bundle-symbolic-name="org.apache.httpcomponents.httpclient"; bundle-version="4.5.6.v20190503-0009"; version="4.5.6"; uses:="org.apache.http,org.apache.http.auth,org.apache.http.client.methods,org.apache.http.conn,org.apache.http.conn.routing,org.apache.http.cookie,org.apache.http.params,org.apache.http.protocol"
         Unresolved requirement: Import-Package: org.apache.http.impl.auth; version="[4.5.6,4.6.0)"
           -> Export-Package: org.apache.http.impl.auth; bundle-symbolic-name="org.apache.httpcomponents.httpclient"; bundle-version="4.5.6.v20190503-0009"; version="4.5.6"; uses:="org.apache.commons.logging,org.apache.http,org.apache.http.auth,org.apache.http.client,org.apache.http.params,org.apache.http.protocol,org.apache.http.util,org.ietf.jgss"
         Unresolved requirement: Import-Package: org.apache.http.conn.routing; version="[4.5.6,4.6.0)"
           -> Export-Package: org.apache.http.conn.routing; bundle-symbolic-name="org.apache.httpcomponents.httpclient"; bundle-version="4.5.6.v20190503-0009"; version="4.5.6"; uses:="org.apache.http,org.apache.http.protocol"
         Unresolved requirement: Import-Package: org.apache.http.client.protocol; version="[4.5.6,4.6.0)"
           -> Export-Package: org.apache.http.client.protocol; bundle-symbolic-name="org.apache.httpcomponents.httpclient"; bundle-version="4.5.6.v20190503-0009"; version="4.5.6"; uses:="org.apache.http,org.apache.http.auth,org.apache.http.client,org.apache.http.client.config,org.apache.http.client.entity,org.apache.http.config,org.apache.http.conn.routing,org.apache.http.cookie,org.apache.http.protocol"
         Unresolved requirement: Import-Package: org.apache.http.auth; version="[4.5.6,4.6.0)"
           -> Export-Package: org.apache.http.auth; bundle-symbolic-name="org.apache.httpcomponents.httpclient"; bundle-version="4.5.6.v20190503-0009"; version="4.5.6"; uses:="org.apache.http,org.apache.http.config,org.apache.http.params,org.apache.http.protocol,org.ietf.jgss"
  Unresolved requirement: Import-Package: org.apache.http.impl.auth; version="[4.5.0,5.0.0)"
    -> Export-Package: org.apache.http.impl.auth; bundle-symbolic-name="org.apache.httpcomponents.httpclient"; bundle-version="4.5.6.v20190503-0009"; version="4.5.6"; uses:="org.apache.commons.logging,org.apache.http,org.apache.http.auth,org.apache.http.client,org.apache.http.params,org.apache.http.protocol,org.apache.http.util,org.ietf.jgss"
  Unresolved requirement: Import-Package: org.apache.http.client.config; version="[4.5.0,5.0.0)"
    -> Export-Package: org.apache.http.client.config; bundle-symbolic-name="org.apache.httpcomponents.httpclient"; bundle-version="4.5.6.v20190503-0009"; version="4.5.6"; uses:="org.apache.http"

	at org.eclipse.osgi.container.Module.start(Module.java:462)
	at org.eclipse.osgi.container.ModuleContainer$ContainerStartLevel$2.run(ModuleContainer.java:1844)
	at org.eclipse.osgi.internal.framework.EquinoxContainerAdaptor$1$1.execute(EquinoxContainerAdaptor.java:136)
	at org.eclipse.osgi.container.ModuleContainer$ContainerStartLevel.incStartLevel(ModuleContainer.java:1837)
	at org.eclipse.osgi.container.ModuleContainer$ContainerStartLevel.incStartLevel(ModuleContainer.java:1778)
	at org.eclipse.osgi.container.ModuleContainer$ContainerStartLevel.doContainerStartLevel(ModuleContainer.java:1742)
	at org.eclipse.osgi.container.ModuleContainer$ContainerStartLevel.dispatchEvent(ModuleContainer.java:1664)
	at org.eclipse.osgi.container.ModuleContainer$ContainerStartLevel.dispatchEvent(ModuleContainer.java:1)
	at org.eclipse.osgi.framework.eventmgr.EventManager.dispatchEvent(EventManager.java:234)
	at org.eclipse.osgi.framework.eventmgr.EventManager$EventThread.run(EventManager.java:345)
